2023-05-25 07:14:14,374 [INFO] Activator:176 - 


2023-05-25 07:14:14,405 [INFO] Activator:177 - !SESSION log4j initialized
2023-05-25 07:14:26,778 [INFO] ApplicationProperties:184 - Using Application install path: C:\ST\STM32CubeIDE_1.3.0\STM32CubeIDE\plugins\com.st.stm32cube.common.mx_6.8.1.202304191431
2023-05-25 07:14:26,903 [INFO] DbMcusXml:78 - Set database path to: C:\ST\STM32CubeIDE_1.3.0\STM32CubeIDE\plugins\com.st.stm32cube.common.mx_6.8.1.202304191431\\db\/mcu/
2023-05-25 07:14:26,903 [INFO] ApiDb:274 - Set plugin database path to: C:\ST\STM32CubeIDE_1.3.0\STM32CubeIDE\plugins\com.st.stm32cube.common.mx_6.8.1.202304191431\\db\/plugins/boardmanager/
2023-05-25 07:14:26,918 [WARN] ApiDb:259 - Overriding images path with different value:  => C:\ST\STM32CubeIDE_1.3.0\STM32CubeIDE\plugins\com.st.stm32cube.common.mx_6.8.1.202304191431\\db\/plugins/mcufinder/images/
2023-05-25 07:14:27,278 [INFO] ApiDb:250 - Set database path to: C:\Users\Balaji\.stmcufinder\plugins\mcufinder//mcu/
2023-05-25 07:14:27,309 [INFO] DbMcusAds:125 - Set database path to: C:\Users\Balaji\.stmcufinder\plugins\mcufinder//mcu/
2023-05-25 07:14:27,324 [INFO] CrossReferenceDbSqlite:203 - Set database path to: C:\Users\Balaji\.stmcufinder\plugins\mcufinder//mcu/cs/
2023-05-25 07:14:28,262 [INFO] RulesReader:64 - Compatibility file has been processed (293 Rules)
2023-05-25 07:14:29,589 [INFO] DbMcusXml:78 - Set database path to: C:\ST\STM32CubeIDE_1.3.0\STM32CubeIDE\plugins\com.st.stm32cube.common.mx_6.8.1.202304191431\\db\/mcu/
2023-05-25 07:14:29,589 [INFO] ApiDb:274 - Set plugin database path to: C:\ST\STM32CubeIDE_1.3.0\STM32CubeIDE\plugins\com.st.stm32cube.common.mx_6.8.1.202304191431\\db\/plugins/boardmanager/
2023-05-25 07:14:29,589 [INFO] ApiDb:261 - Set plugin images path to: C:\ST\STM32CubeIDE_1.3.0\STM32CubeIDE\plugins\com.st.stm32cube.common.mx_6.8.1.202304191431\\db\/plugins/mcufinder/images/
2023-05-25 07:14:29,605 [WARN] DbFile:41 - Overriding database path with different value: C:\Users\Balaji\.stmcufinder\plugins\mcufinder/ => C:\Users\Balaji\.stmcufinder\plugins\mcufinder
2023-05-25 07:14:29,605 [INFO] ApiDb:250 - Set database path to: C:\Users\Balaji\.stmcufinder\plugins\mcufinder//mcu/
2023-05-25 07:14:29,605 [WARN] DbFile:41 - Overriding database path with different value: C:\Users\Balaji\.stmcufinder\plugins\mcufinder/ => C:\Users\Balaji\.stmcufinder\plugins\mcufinder
2023-05-25 07:14:29,605 [INFO] DbMcusAds:125 - Set database path to: C:\Users\Balaji\.stmcufinder\plugins\mcufinder//mcu/
2023-05-25 07:14:29,605 [WARN] DbFile:41 - Overriding database path with different value: C:\Users\Balaji\.stmcufinder\plugins\mcufinder/ => C:\Users\Balaji\.stmcufinder\plugins\mcufinder
2023-05-25 07:14:29,605 [WARN] DbFile:41 - Overriding database path with different value: C:\Users\Balaji\.stmcufinder\plugins\mcufinder/ => C:\Users\Balaji\.stmcufinder\plugins\mcufinder
2023-05-25 07:14:29,605 [INFO] CrossReferenceDbSqlite:203 - Set database path to: C:\Users\Balaji\.stmcufinder\plugins\mcufinder//mcu/cs/
2023-05-25 07:14:30,745 [INFO] MainPanel:253 - HeapMemory: 268435456
2023-05-25 07:14:31,995 [INFO] DbMcusXml:78 - Set database path to: C:\ST\STM32CubeIDE_1.3.0\STM32CubeIDE\plugins\com.st.stm32cube.common.mx_6.8.1.202304191431\\db\/mcu/
2023-05-25 07:14:31,995 [INFO] ApiDb:274 - Set plugin database path to: C:\ST\STM32CubeIDE_1.3.0\STM32CubeIDE\plugins\com.st.stm32cube.common.mx_6.8.1.202304191431\\db\/plugins/boardmanager/
2023-05-25 07:14:31,995 [INFO] ApiDb:261 - Set plugin images path to: C:\ST\STM32CubeIDE_1.3.0\STM32CubeIDE\plugins\com.st.stm32cube.common.mx_6.8.1.202304191431\\db\/plugins/mcufinder/images/
2023-05-25 07:14:32,011 [WARN] DbFile:41 - Overriding database path with different value: C:\Users\Balaji\.stmcufinder\plugins\mcufinder/ => C:\Users\Balaji\.stmcufinder\plugins\mcufinder
2023-05-25 07:14:32,011 [INFO] ApiDb:250 - Set database path to: C:\Users\Balaji\.stmcufinder\plugins\mcufinder//mcu/
2023-05-25 07:14:32,011 [WARN] DbFile:41 - Overriding database path with different value: C:\Users\Balaji\.stmcufinder\plugins\mcufinder/ => C:\Users\Balaji\.stmcufinder\plugins\mcufinder
2023-05-25 07:14:32,026 [INFO] DbMcusAds:125 - Set database path to: C:\Users\Balaji\.stmcufinder\plugins\mcufinder//mcu/
2023-05-25 07:14:32,026 [WARN] DbFile:41 - Overriding database path with different value: C:\Users\Balaji\.stmcufinder\plugins\mcufinder/ => C:\Users\Balaji\.stmcufinder\plugins\mcufinder
2023-05-25 07:14:32,026 [WARN] DbFile:41 - Overriding database path with different value: C:\Users\Balaji\.stmcufinder\plugins\mcufinder/ => C:\Users\Balaji\.stmcufinder\plugins\mcufinder
2023-05-25 07:14:32,042 [INFO] CrossReferenceDbSqlite:203 - Set database path to: C:\Users\Balaji\.stmcufinder\plugins\mcufinder//mcu/cs/
2023-05-25 07:14:32,261 [INFO] ApplicationProperties:184 - Using Application install path: C:\ST\STM32CubeIDE_1.3.0\STM32CubeIDE\plugins\com.st.stm32cube.common.mx_6.8.1.202304191431
2023-05-25 07:14:32,276 [INFO] PluginManage:196 - Search for loadable plugins [exclusion list=, ]
2023-05-25 07:14:32,339 [INFO] PluginManage:310 - Check plugin analytics
2023-05-25 07:14:33,635 [INFO] AnalyticsPlugin:253 - Accepted Software Licenses: STM32CubeMX.5.4.0
2023-05-25 07:14:33,635 [INFO] AnalyticsPlugin:255 - Accepted CMSIS Pack Licenses: 
2023-05-25 07:14:33,635 [INFO] AnalyticsPlugin:257 - Accepted Firmware Licenses: 
2023-05-25 07:14:33,651 [INFO] PluginManage:359 - Loaded plugin analytics (category:tool,tabindex:-1)
2023-05-25 07:14:33,651 [INFO] PluginManage:310 - Check plugin cadmodel
2023-05-25 07:14:34,041 [INFO] CADModel:105 - Init CAD model plugin
2023-05-25 07:14:34,041 [INFO] PluginManage:359 - Loaded plugin cadmodel (category:power,tabindex:5)
2023-05-25 07:14:34,041 [INFO] PluginManage:310 - Check plugin clock
2023-05-25 07:14:34,120 [INFO] PluginManage:359 - Loaded plugin clock (category:base,tabindex:2)
2023-05-25 07:14:34,120 [INFO] PluginManage:310 - Check plugin ddr
2023-05-25 07:14:34,166 [INFO] PluginManage:359 - Loaded plugin ddr (category:tool,tabindex:6)
2023-05-25 07:14:34,166 [INFO] PluginManage:310 - Check plugin filemanager
2023-05-25 07:14:34,901 [INFO] PluginManage:359 - Loaded plugin filemanager (category:base,tabindex:10)
2023-05-25 07:14:34,901 [INFO] PluginManage:310 - Check plugin ipmanager
2023-05-25 07:14:34,963 [INFO] PluginManage:359 - Loaded plugin ipmanager (category:base,tabindex:5)
2023-05-25 07:14:34,963 [INFO] PluginManage:310 - Check plugin lpbam
2023-05-25 07:14:35,135 [INFO] PluginManage:359 - Loaded plugin lpbam (category:base,tabindex:0)
2023-05-25 07:14:35,135 [INFO] PluginManage:310 - Check plugin pinoutandconfiguration
2023-05-25 07:14:35,197 [INFO] PluginManage:359 - Loaded plugin pinoutandconfiguration (category:base,tabindex:1)
2023-05-25 07:14:35,197 [INFO] PluginManage:310 - Check plugin pinoutconfig
2023-05-25 07:14:35,729 [WARN] SupportedApi:132 - Cannot load RTOS API schema: s4s-elt-must-match.1: The content of 'definitions' must match (annotation?, (simpleType | complexType)?, (unique | key | keyref)*)). A problem was found starting at: attribute.
2023-05-25 07:14:36,104 [INFO] PluginManage:359 - Loaded plugin pinoutconfig (category:base,tabindex:0)
2023-05-25 07:14:36,104 [INFO] PluginManage:310 - Check plugin power
2023-05-25 07:14:36,213 [INFO] PluginManage:359 - Loaded plugin power (category:power,tabindex:4)
2023-05-25 07:14:36,213 [INFO] PluginManage:310 - Check plugin projectmanager
2023-05-25 07:14:36,291 [INFO] PluginManage:359 - Loaded plugin projectmanager (category:projectmanager,tabindex:3)
2023-05-25 07:14:36,291 [INFO] PluginManage:310 - Check plugin thirdparty
2023-05-25 07:14:37,291 [WARN] IntegrityCheckThread:84 - waiting for thirdparty lock release [integrity check]
2023-05-25 07:14:37,291 [INFO] IntegrityCheckThread:86 - entering critical section [integrity check]
2023-05-25 07:14:37,291 [INFO] PluginManage:359 - Loaded plugin thirdparty (category:base,tabindex:-1)
2023-05-25 07:14:37,291 [INFO] PluginManage:310 - Check plugin tools
2023-05-25 07:14:37,306 [INFO] ThirdPartyUpdaterWithRetryManager:70 - Updater plugin not ready yet. [1/15]
2023-05-25 07:14:37,322 [INFO] PluginManage:359 - Loaded plugin tools (category:base,tabindex:7)
2023-05-25 07:14:37,322 [INFO] PluginManage:310 - Check plugin tutovideos
2023-05-25 07:14:38,087 [INFO] PluginManage:359 - Loaded plugin tutovideos (category:base,tabindex:-1)
2023-05-25 07:14:38,087 [INFO] PluginManage:310 - Check plugin updater
2023-05-25 07:14:38,197 [INFO] PluginManage:359 - Loaded plugin updater (category:base,tabindex:12)
2023-05-25 07:14:38,197 [INFO] PluginManage:283 - PluginManage : Loaded plugins [15]
2023-05-25 07:14:40,243 [INFO] PinOutPanel:1499 - setPackage(No Configuration,No Configuration)
2023-05-25 07:14:40,321 [INFO] ThirdPartyUpdaterWithRetryManager:70 - Updater plugin not ready yet. [2/15]
2023-05-25 07:14:40,649 [INFO] CADModel:165 - CPN selected for project level
2023-05-25 07:14:40,649 [INFO] CADModel:114 - Register for checkConnection events
2023-05-25 07:14:40,852 [INFO] IPUIPlugin:80 - create IPUIPlugin
2023-05-25 07:14:40,852 [INFO] PluginManager:220 - loadIPPluginJar : add adc
2023-05-25 07:14:40,884 [INFO] IPUIPlugin:80 - create IPUIPlugin
2023-05-25 07:14:40,884 [INFO] PluginManager:220 - loadIPPluginJar : add aes
2023-05-25 07:14:40,915 [INFO] IPUIPlugin:80 - create IPUIPlugin
2023-05-25 07:14:40,915 [INFO] PluginManager:220 - loadIPPluginJar : add can
2023-05-25 07:14:40,915 [INFO] IPUIPlugin:80 - create IPUIPlugin
2023-05-25 07:14:40,915 [INFO] PluginManager:220 - loadIPPluginJar : add comp
2023-05-25 07:14:40,915 [INFO] IPUIPlugin:80 - create IPUIPlugin
2023-05-25 07:14:40,915 [INFO] PluginManager:220 - loadIPPluginJar : add cryp
2023-05-25 07:14:40,962 [INFO] IPUIPlugin:80 - create IPUIPlugin
2023-05-25 07:14:40,962 [INFO] PluginManager:220 - loadIPPluginJar : add dfsdm
2023-05-25 07:14:40,993 [INFO] IPUIPlugin:80 - create IPUIPlugin
2023-05-25 07:14:40,993 [INFO] PluginManager:220 - loadIPPluginJar : add dma
2023-05-25 07:14:40,993 [INFO] IPUIPlugin:80 - create IPUIPlugin
2023-05-25 07:14:40,993 [INFO] PluginManager:220 - loadIPPluginJar : add dma3
2023-05-25 07:14:41,024 [INFO] IPUIPlugin:80 - create IPUIPlugin
2023-05-25 07:14:41,024 [INFO] PluginManager:220 - loadIPPluginJar : add fatfs
2023-05-25 07:14:41,056 [INFO] IPUIPlugin:80 - create IPUIPlugin
2023-05-25 07:14:41,056 [INFO] PluginManager:220 - loadIPPluginJar : add fmc
2023-05-25 07:14:41,134 [INFO] IPUIPlugin:80 - create IPUIPlugin
2023-05-25 07:14:41,134 [INFO] PluginManager:220 - loadIPPluginJar : add freertos
2023-05-25 07:14:41,149 [INFO] IPUIPlugin:80 - create IPUIPlugin
2023-05-25 07:14:41,149 [INFO] PluginManager:220 - loadIPPluginJar : add genericplugin
2023-05-25 07:14:41,181 [INFO] IPUIPlugin:80 - create IPUIPlugin
2023-05-25 07:14:41,181 [INFO] PluginManager:220 - loadIPPluginJar : add gfxmmu
2023-05-25 07:14:41,212 [INFO] IPUIPlugin:80 - create IPUIPlugin
2023-05-25 07:14:41,212 [INFO] PluginManager:220 - loadIPPluginJar : add gic
2023-05-25 07:14:41,243 [INFO] IPUIPlugin:80 - create IPUIPlugin
2023-05-25 07:14:41,243 [INFO] PluginManager:220 - loadIPPluginJar : add gpio
2023-05-25 07:14:41,274 [INFO] IPUIPlugin:80 - create IPUIPlugin
2023-05-25 07:14:41,274 [INFO] PluginManager:220 - loadIPPluginJar : add gtzc
2023-05-25 07:14:41,290 [INFO] IPUIPlugin:80 - create IPUIPlugin
2023-05-25 07:14:41,290 [INFO] PluginManager:220 - loadIPPluginJar : add hash
2023-05-25 07:14:41,305 [INFO] IPUIPlugin:80 - create IPUIPlugin
2023-05-25 07:14:41,305 [INFO] PluginManager:220 - loadIPPluginJar : add i2c
2023-05-25 07:14:41,321 [INFO] IPUIPlugin:80 - create IPUIPlugin
2023-05-25 07:14:41,321 [INFO] PluginManager:220 - loadIPPluginJar : add i2s
2023-05-25 07:14:41,352 [INFO] IPUIPlugin:80 - create IPUIPlugin
2023-05-25 07:14:41,352 [INFO] PluginManager:220 - loadIPPluginJar : add i3c
2023-05-25 07:14:41,384 [INFO] IPUIPlugin:80 - create IPUIPlugin
2023-05-25 07:14:41,384 [INFO] PluginManager:220 - loadIPPluginJar : add ipddr
2023-05-25 07:14:41,430 [INFO] IPUIPlugin:80 - create IPUIPlugin
2023-05-25 07:14:41,430 [INFO] PluginManager:220 - loadIPPluginJar : add linkedlist
2023-05-25 07:14:41,509 [INFO] IPUIPlugin:80 - create IPUIPlugin
2023-05-25 07:14:41,509 [INFO] PluginManager:220 - loadIPPluginJar : add lorawan
2023-05-25 07:14:41,524 [INFO] IPUIPlugin:80 - create IPUIPlugin
2023-05-25 07:14:41,524 [INFO] PluginManager:220 - loadIPPluginJar : add ltdc
2023-05-25 07:14:41,587 [INFO] IPUIPlugin:80 - create IPUIPlugin
2023-05-25 07:14:41,587 [INFO] PluginManager:220 - loadIPPluginJar : add mdma
2023-05-25 07:14:41,634 [INFO] IPUIPlugin:80 - create IPUIPlugin
2023-05-25 07:14:41,634 [INFO] PluginManager:220 - loadIPPluginJar : add nvic
2023-05-25 07:14:41,665 [INFO] IPUIPlugin:80 - create IPUIPlugin
2023-05-25 07:14:41,665 [INFO] PluginManager:220 - loadIPPluginJar : add opamp
2023-05-25 07:14:41,680 [INFO] IPUIPlugin:80 - create IPUIPlugin
2023-05-25 07:14:41,680 [INFO] PluginManager:220 - loadIPPluginJar : add openamp
2023-05-25 07:14:41,727 [INFO] IPUIPlugin:80 - create IPUIPlugin
2023-05-25 07:14:41,727 [INFO] PluginManager:220 - loadIPPluginJar : add pdm2pcm
2023-05-25 07:14:41,774 [INFO] IPUIPlugin:80 - create IPUIPlugin
2023-05-25 07:14:41,774 [INFO] PluginManager:220 - loadIPPluginJar : add plateformsettings
2023-05-25 07:14:41,774 [INFO] IPUIPlugin:80 - create IPUIPlugin
2023-05-25 07:14:41,774 [INFO] PluginManager:220 - loadIPPluginJar : add quadspi
2023-05-25 07:14:41,805 [INFO] IPUIPlugin:80 - create IPUIPlugin
2023-05-25 07:14:41,805 [INFO] PluginManager:220 - loadIPPluginJar : add resmgrutility
2023-05-25 07:14:41,837 [INFO] IPUIPlugin:80 - create IPUIPlugin
2023-05-25 07:14:41,837 [INFO] PluginManager:220 - loadIPPluginJar : add sai
2023-05-25 07:14:41,852 [INFO] IPUIPlugin:80 - create IPUIPlugin
2023-05-25 07:14:41,852 [INFO] PluginManager:220 - loadIPPluginJar : add spi
2023-05-25 07:14:41,883 [INFO] IPUIPlugin:80 - create IPUIPlugin
2023-05-25 07:14:41,883 [INFO] PluginManager:220 - loadIPPluginJar : add stm32_wpan
2023-05-25 07:14:41,915 [INFO] IPUIPlugin:80 - create IPUIPlugin
2023-05-25 07:14:41,915 [INFO] PluginManager:220 - loadIPPluginJar : add tim
2023-05-25 07:14:41,962 [INFO] IPUIPlugin:80 - create IPUIPlugin
2023-05-25 07:14:41,962 [INFO] PluginManager:220 - loadIPPluginJar : add touchsensing
2023-05-25 07:14:42,008 [INFO] IPUIPlugin:80 - create IPUIPlugin
2023-05-25 07:14:42,008 [INFO] PluginManager:220 - loadIPPluginJar : add tracer_emb
2023-05-25 07:14:42,024 [INFO] IPUIPlugin:80 - create IPUIPlugin
2023-05-25 07:14:42,024 [INFO] PluginManager:220 - loadIPPluginJar : add ts
2023-05-25 07:14:42,055 [INFO] IPUIPlugin:80 - create IPUIPlugin
2023-05-25 07:14:42,055 [INFO] PluginManager:220 - loadIPPluginJar : add tsc
2023-05-25 07:14:42,055 [INFO] IPUIPlugin:80 - create IPUIPlugin
2023-05-25 07:14:42,055 [INFO] PluginManager:220 - loadIPPluginJar : add ucpd
2023-05-25 07:14:42,087 [INFO] IPUIPlugin:80 - create IPUIPlugin
2023-05-25 07:14:42,087 [INFO] PluginManager:220 - loadIPPluginJar : add usart
2023-05-25 07:14:42,118 [INFO] IPUIPlugin:80 - create IPUIPlugin
2023-05-25 07:14:42,118 [INFO] PluginManager:220 - loadIPPluginJar : add usbx
2023-05-25 07:14:42,438 [INFO] CADModel:165 - CPN selected for project level
2023-05-25 07:14:42,438 [INFO] CADModel:114 - Register for checkConnection events
2023-05-25 07:14:42,438 [FATAL] Updater:308 - Updater called before beeing initialized
2023-05-25 07:14:42,438 [ERROR] CADModel:125 - Updater not yet initialized, retry later 
2023-05-25 07:14:43,234 [INFO] CADModel:165 - CPN selected for project level
2023-05-25 07:14:43,234 [INFO] CADModel:114 - Register for checkConnection events
2023-05-25 07:14:43,234 [FATAL] Updater:308 - Updater called before beeing initialized
2023-05-25 07:14:43,234 [ERROR] CADModel:125 - Updater not yet initialized, retry later 
2023-05-25 07:14:43,266 [FATAL] Updater:308 - Updater called before beeing initialized
2023-05-25 07:14:43,328 [INFO] ThirdPartyUpdaterWithRetryManager:70 - Updater plugin not ready yet. [3/15]
2023-05-25 07:14:43,687 [FATAL] Updater:308 - Updater called before beeing initialized
2023-05-25 07:14:43,703 [INFO] DbMcusAds:53 - JSON generation date=Thu Sep 30 12:25:09 IST 2021 (1632984909247)
2023-05-25 07:14:43,703 [FATAL] Updater:308 - Updater called before beeing initialized
2023-05-25 07:14:43,984 [WARN] DetailPanel:346 - Failed to get advertising image, set to default
2023-05-25 07:14:44,218 [FATAL] Updater:308 - Updater called before beeing initialized
2023-05-25 07:14:44,265 [FATAL] Updater:308 - Updater called before beeing initialized
2023-05-25 07:14:44,265 [FATAL] Updater:308 - Updater called before beeing initialized
2023-05-25 07:14:44,265 [WARN] DetailPanel:346 - Failed to get advertising image, set to default
2023-05-25 07:14:44,265 [FATAL] Updater:308 - Updater called before beeing initialized
2023-05-25 07:14:44,531 [ERROR] Updater:1120 - MainUpdater not yet initialized. External WinMGr cannot be set.
2023-05-25 07:14:44,562 [INFO] Updater:1056 - Updater Version found : 6.8.1
2023-05-25 07:14:44,625 [INFO] ApplicationProperties:184 - Using Application install path: C:\ST\STM32CubeIDE_1.3.0\STM32CubeIDE\plugins\com.st.stm32cube.common.mx_6.8.1.202304191431
2023-05-25 07:14:46,343 [FATAL] Updater:308 - Updater called before beeing initialized
2023-05-25 07:14:46,343 [ERROR] IntegrityCheckThread:130 - Cannot retrieve database content from updater: error 21
2023-05-25 07:14:46,343 [INFO] ThirdParty:978 - Integrity check success = false
2023-05-25 07:14:46,343 [INFO] IntegrityCheckThread:100 - exiting critical section [integrity check]
2023-05-25 07:14:46,343 [INFO] IntegrityCheckThread:103 - End integrity checks thread
2023-05-25 07:14:53,654 [ERROR] ServerAccessManage:1146 - Warning during Server Connection :  Unknown host sw-center.st.com
2023-05-25 07:14:53,669 [INFO] MainUpdater:2854 - connection check result : 22
2023-05-25 07:14:53,669 [INFO] MainUpdater:283 - Updater Check For Update Now.
2023-05-25 07:14:53,669 [INFO] MicroXplorer:498 - Change Database Version : DB.6.0.81
2023-05-25 07:14:54,138 [INFO] CheckServerUpdateThread:120 - End of CheckServer Thread
2023-05-25 07:14:54,169 [ERROR] ServerAccessManage:1146 - Warning during Server Connection :  Unknown host sw-center.st.com
2023-05-25 07:14:54,169 [INFO] MainUpdater:2854 - connection check result : 22
2023-05-25 07:14:54,310 [ERROR] ServerAccessManage:1146 - Warning during Server Connection :  Unknown host sw-center.st.com
2023-05-25 07:14:54,325 [INFO] MainUpdater:2854 - connection check result : 22
2023-05-25 07:15:25,537 [INFO] MicroXplorer:468 - Change Database Path : 
2023-05-25 07:15:25,553 [INFO] MicroXplorer:498 - Change Database Version : DB.6.0.81
2023-05-25 07:15:25,553 [WARN] ThirdParty:871 - waiting for thirdparty lock release [close project]
2023-05-25 07:15:25,553 [INFO] ThirdParty:873 - entering critical section [close project]
2023-05-25 07:15:25,553 [INFO] ThirdParty:883 - exiting critical section [close project]
2023-05-25 07:15:25,553 [INFO] PinOutPanel:1499 - setPackage(No Configuration,No Configuration)
2023-05-25 07:15:25,568 [INFO] UtilMem:75 - Begin LoadConfig() Used Memory: 114092848 Bytes (268435456)
2023-05-25 07:15:25,584 [INFO] MicroXplorer:468 - Change Database Path : C:/Users/Balaji/.stm32cubemx/databases/DB.6.0.80/db/
2023-05-25 07:15:25,584 [INFO] MicroXplorer:498 - Change Database Version : DB.6.0.80
2023-05-25 07:15:36,737 [INFO] MicroXplorer:468 - Change Database Path : 
2023-05-25 07:15:36,737 [INFO] MicroXplorer:498 - Change Database Version : DB.6.0.81
2023-05-25 07:15:36,737 [INFO] OpenFileManager:308 - Change cursor
2023-05-25 07:15:36,769 [INFO] ThirdPartyDownloadManager:73 - Found SW packSTMicroelectronics.X-CUBE-TOUCHGFX.4.21.4up-to-date on disk
2023-05-25 07:15:36,909 [WARN] IntegrityCheckThread:84 - waiting for thirdparty lock release [integrity check]
2023-05-25 07:15:36,909 [INFO] IntegrityCheckThread:86 - entering critical section [integrity check]
2023-05-25 07:15:39,471 [WARN] PackLoader:240 - Cannot read IP mode file for STMicroelectronics.X-CUBE-SMBUS.2.1.0
2023-05-25 07:15:39,659 [WARN] PackLoader:240 - Cannot read IP mode file for STMicroelectronics.X-CUBE-MEMS1.9.2.0
2023-05-25 07:15:40,143 [WARN] PackLoader:240 - Cannot read IP mode file for STMicroelectronics.X-CUBE-AZRTOS-F7.1.1.0
2023-05-25 07:15:40,252 [WARN] PackLoader:240 - Cannot read IP mode file for STMicroelectronics.X-CUBE-TOUCHGFX.4.19.1
2023-05-25 07:15:40,362 [ERROR] RealEvaluatedCondition:428 - Found unsupported composite condition: CLASS='Data Exchange' GROUP='STM32_MetaDataManager'
2023-05-25 07:15:40,362 [ERROR] RealEvaluatedCondition:428 - Found unsupported composite condition: CLASS='Data Exchange' GROUP='STM32_MetaDataManager'
2023-05-25 07:15:40,362 [WARN] PackLoader:240 - Cannot read IP mode file for STMicroelectronics.FP-SNS-MOTENV1.4.3.0
2023-05-25 07:15:40,393 [WARN] PackLoader:240 - Cannot read IP mode file for STMicroelectronics.FP-SNS-FLIGHT1.5.0.0
2023-05-25 07:15:40,455 [WARN] PackLoader:240 - Cannot read IP mode file for STMicroelectronics.X-CUBE-BLE1.6.2.3
2023-05-25 07:15:40,486 [WARN] PackLoader:240 - Cannot read IP mode file for STMicroelectronics.X-CUBE-BLE1.6.2.4
2023-05-25 07:15:40,518 [WARN] PackLoader:240 - Cannot read IP mode file for STMicroelectronics.X-CUBE-TOUCHGFX.4.19.0
2023-05-25 07:15:40,565 [WARN] PackLoader:240 - Cannot read IP mode file for STMicroelectronics.X-CUBE-TOF1.3.1.0
2023-05-25 07:15:40,627 [WARN] PackLoader:240 - Cannot read IP mode file for STMicroelectronics.X-CUBE-DISPLAY.3.0.0
2023-05-25 07:15:40,752 [WARN] PackLoader:240 - Cannot read IP mode file for STMicroelectronics.X-CUBE-MEMS1.9.3.0
2023-05-25 07:15:41,111 [WARN] PackLoader:240 - Cannot read IP mode file for STMicroelectronics.X-CUBE-AI.7.2.0
2023-05-25 07:15:41,143 [WARN] PackLoader:240 - Cannot read IP mode file for WES.I-CUBE-Cesium.1.3.0
2023-05-25 07:15:41,174 [WARN] PackLoader:240 - Cannot read IP mode file for STMicroelectronics.X-CUBE-BLE2.3.3.0
2023-05-25 07:15:41,205 [WARN] PackLoader:240 - Cannot read IP mode file for STMicroelectronics.X-CUBE-DISPLAY.2.2.0
2023-05-25 07:15:41,268 [WARN] PackLoader:240 - Cannot read IP mode file for STMicroelectronics.X-CUBE-TOF1.3.2.0
2023-05-25 07:15:41,314 [WARN] PackLoader:240 - Cannot read IP mode file for STMicroelectronics.X-CUBE-ISPU.1.0.0
2023-05-25 07:15:41,393 [WARN] PackLoader:240 - Cannot read IP mode file for STMicroelectronics.X-CUBE-AZRTOS-H7.2.1.0
2023-05-25 07:15:41,424 [WARN] PackLoader:240 - Cannot read IP mode file for STMicroelectronics.X-CUBE-TOUCHGFX.4.21.1
2023-05-25 07:15:41,455 [WARN] PackLoader:240 - Cannot read IP mode file for STMicroelectronics.X-CUBE-TOUCHGFX.4.21.0
2023-05-25 07:15:41,486 [WARN] PackLoader:240 - Cannot read IP mode file for STMicroelectronics.X-CUBE-TOUCHGFX.4.21.3
2023-05-25 07:15:41,596 [WARN] PackLoader:240 - Cannot read IP mode file for STMicroelectronics.X-CUBE-TOUCHGFX.4.21.4
2023-05-25 07:15:42,455 [WARN] PackLoader:240 - Cannot read IP mode file for STMicroelectronics.X-CUBE-MEMS1.9.4.0
2023-05-25 07:15:42,649 [WARN] PackLoader:240 - Cannot read IP mode file for STMicroelectronics.X-CUBE-AI.7.3.0
2023-05-25 07:15:42,727 [WARN] PackLoader:240 - Cannot read IP mode file for STMicroelectronics.X-CUBE-AZRTOS-G0.1.1.0
2023-05-25 07:15:42,821 [WARN] PackLoader:240 - Cannot read IP mode file for STMicroelectronics.X-CUBE-NFC4.3.0.0
2023-05-25 07:15:42,852 [WARN] PackLoader:240 - Cannot read IP mode file for STMicroelectronics.X-CUBE-BLEMGR.1.3.0
2023-05-25 07:15:42,899 [WARN] PackLoader:240 - Cannot read IP mode file for STMicroelectronics.FP-ATR-SIGFOX1.3.2.0
2023-05-25 07:15:42,930 [WARN] PackLoader:240 - Cannot read IP mode file for emotas.I-CUBE-CANOPEN.1.1.2
2023-05-25 07:15:42,961 [WARN] PackLoader:240 - Cannot read IP mode file for STMicroelectronics.X-CUBE-TOUCHGFX.4.20.0
2023-05-25 07:15:43,071 [WARN] PackLoader:240 - Cannot read IP mode file for STMicroelectronics.X-CUBE-MEMS1.9.5.0
2023-05-25 07:15:43,274 [WARN] PackLoader:240 - Cannot read IP mode file for SEGGER.I-CUBE-embOS.1.3.1
2023-05-25 07:15:43,399 [WARN] PackLoader:240 - Cannot read IP mode file for STMicroelectronics.X-CUBE-GNSS1.6.0.0
2023-05-25 07:15:43,493 [WARN] PackLoader:240 - Cannot read IP mode file for STMicroelectronics.X-CUBE-AZRTOS-F4.1.1.0
2023-05-25 07:15:43,586 [WARN] PackLoader:240 - Cannot read IP mode file for STMicroelectronics.X-CUBE-MEMS1.9.6.0
2023-05-25 07:15:43,821 [WARN] PackLoader:240 - Cannot read IP mode file for STMicroelectronics.X-CUBE-BLEMGR.2.0.0
2023-05-25 07:15:43,852 [WARN] PackLoader:240 - Cannot read IP mode file for STMicroelectronics.X-CUBE-NFC4.2.0.5
2023-05-25 07:15:43,899 [WARN] PackLoader:240 - Cannot read IP mode file for STMicroelectronics.X-CUBE-NFC4.2.0.4
2023-05-25 07:15:43,946 [WARN] ConditionMgr:438 - getConditionDescription Invalid condition id : UX DEVICE CLASS RTOS Condition cause : null
2023-05-25 07:15:43,946 [WARN] ConditionMgr:438 - getConditionDescription Invalid condition id : UX DEVICE CLASS RTOS Condition cause : null
2023-05-25 07:15:43,961 [WARN] PackLoader:240 - Cannot read IP mode file for STMicroelectronics.X-CUBE-AZRTOS-H7.3.1.0
2023-05-25 07:15:43,961 [WARN] ConditionMgr:1039 - genDependencies : Invalid condition id : UX DEVICE CLASS RTOS Condition cause : null
2023-05-25 07:15:43,961 [WARN] ConditionMgr:1039 - genDependencies : Invalid condition id : UX DEVICE CLASS RTOS Condition cause : null
2023-05-25 07:15:43,961 [WARN] ConditionMgr:1039 - genDependencies : Invalid condition id : UX DEVICE CLASS RTOS Condition cause : null
2023-05-25 07:15:43,961 [WARN] ConditionMgr:1039 - genDependencies : Invalid condition id : UX DEVICE CLASS RTOS Condition cause : null
2023-05-25 07:15:43,961 [WARN] ConditionMgr:1039 - genDependencies : Invalid condition id : UX DEVICE CLASS RTOS Condition cause : null
2023-05-25 07:15:43,992 [WARN] PackLoader:240 - Cannot read IP mode file for STMicroelectronics.X-CUBE-NFC7.1.0.0
2023-05-25 07:15:44,024 [WARN] PackLoader:240 - Cannot read IP mode file for STMicroelectronics.X-CUBE-EEPRMA1.4.1.0
2023-05-25 07:15:44,039 [WARN] PackLoader:240 - Cannot read IP mode file for STMicroelectronics.X-CUBE-SFXS2LP1.4.0.0
2023-05-25 07:15:44,086 [WARN] PackLoader:240 - Cannot read IP mode file for STMicroelectronics.X-CUBE-AZRTOS-H7.3.0.0
2023-05-25 07:15:44,117 [WARN] PackLoader:240 - Cannot read IP mode file for STMicroelectronics.X-CUBE-ISPU.1.1.0
2023-05-25 07:15:44,149 [WARN] PackLoader:240 - Cannot read IP mode file for STMicroelectronics.X-CUBE-AI.8.0.0
2023-05-25 07:15:44,180 [WARN] PackLoader:240 - Cannot read IP mode file for STMicroelectronics.X-CUBE-FREERTOS.1.0.0
2023-05-25 07:15:44,211 [WARN] PackLoader:240 - Cannot read IP mode file for STMicroelectronics.X-CUBE-FREERTOS.1.0.1
2023-05-25 07:15:44,242 [WARN] PackLoader:240 - Cannot read IP mode file for STMicroelectronics.X-CUBE-BLEMGR.1.0.0
2023-05-25 07:15:44,305 [WARN] PackLoader:240 - Cannot read IP mode file for STMicroelectronics.X-CUBE-AZRTOS-L5.1.1.0
2023-05-25 07:15:44,461 [WARN] PackLoader:240 - Cannot read IP mode file for STMicroelectronics.X-CUBE-AI.8.0.1
2023-05-25 07:15:44,539 [WARN] PackLoader:240 - Cannot read IP mode file for STMicroelectronics.X-CUBE-SUBG2.5.0.0
2023-05-25 07:15:44,633 [WARN] PackLoader:240 - Cannot read IP mode file for STMicroelectronics.X-CUBE-AZRTOS-G4.2.0.0
2023-05-25 07:15:44,680 [WARN] PackLoader:240 - Cannot read IP mode file for STMicroelectronics.X-CUBE-TOF1.3.3.0
2023-05-25 07:15:44,742 [WARN] PackLoader:240 - Cannot read IP mode file for STMicroelectronics.FP-ATR-ASTRA1.1.1.1
2023-05-25 07:15:44,773 [WARN] PackLoader:240 - Cannot read IP mode file for STMicroelectronics.FP-ATR-ASTRA1.1.1.0
2023-05-25 07:15:44,805 [WARN] PackLoader:240 - Cannot read IP mode file for portGmbH.I-Cube-SoM-uGOAL.1.1.0
2023-05-25 07:15:44,867 [WARN] PackLoader:240 - Cannot read IP mode file for STMicroelectronics.X-CUBE-AZRTOS-WB.1.1.0
2023-05-25 07:15:44,898 [WARN] PackLoader:240 - Cannot read IP mode file for STMicroelectronics.FP-ATR-ASTRA1.2.0.0
2023-05-25 07:15:44,898 [INFO] ThirdParty:978 - Integrity check success = true
2023-05-25 07:15:44,898 [INFO] IntegrityCheckThread:100 - exiting critical section [integrity check]
2023-05-25 07:15:44,898 [INFO] IntegrityCheckThread:103 - End integrity checks thread
2023-05-25 07:15:45,180 [INFO] Mcu:1937 - Initializing MCU STM32H7B3LIHxQ STM32H7B3LIHxQ STM32H7B3LIH6Q
2023-05-25 07:15:59,754 [INFO] Context:659 - Trying to add GPIOservice into a context  which must be forbidden
2023-05-25 07:16:03,144 [INFO] ApiDbMcu:507 - Load IP Config File for STMicroelectronics.X-CUBE-TOUCHGFX.4.21.4
2023-05-25 07:16:04,300 [INFO] RtosManager:555 - Registered RTOS mode: class=CMSIS, group=RTOS, mode=CMSIS_V1, owner=FREERTOS
2023-05-25 07:16:04,300 [INFO] RtosManager:555 - Registered RTOS mode: class=CMSIS, group=RTOS2, mode=CMSIS_V2, owner=FREERTOS
2023-05-25 07:16:04,300 [INFO] RtosManager:555 - Registered RTOS mode: class=RTOS, group=Core, mode=CMSIS_V1, owner=FREERTOS
2023-05-25 07:16:04,300 [INFO] RtosManager:555 - Registered RTOS mode: class=RTOS, group=Core, mode=CMSIS_V2, owner=FREERTOS
2023-05-25 07:16:04,300 [WARN] ModelIntegratedComponent:184 - Missing modes for component STMicroelectronics:FreeRTOS:0.0.1:STMicroelectronics:RTOS:FreeRTOS:Core:::10.2.0:
2023-05-25 07:16:04,316 [WARN] ModelIntegratedComponent:182 - Modes not found for component STMicroelectronics:USB_HOST:1.0.0:STMicroelectronics:USB::USB Host:Audio FS::1.0:USB_HOST_1_0_RESTRICTED_FS
2023-05-25 07:16:04,316 [WARN] ModelIntegratedComponent:188 - Modes not found for component STMicroelectronics:USB_HOST:1.0.0:STMicroelectronics:USB::USB Host:Audio FS::1.0:USB_HOST_1_0_RESTRICTED_FS
2023-05-25 07:16:04,316 [WARN] ModelIntegratedComponent:182 - Modes not found for component STMicroelectronics:USB_HOST:1.0.0:STMicroelectronics:USB::USB Host:CDC FS::1.0:USB_HOST_1_0_RESTRICTED_FS
2023-05-25 07:16:04,316 [WARN] ModelIntegratedComponent:188 - Modes not found for component STMicroelectronics:USB_HOST:1.0.0:STMicroelectronics:USB::USB Host:CDC FS::1.0:USB_HOST_1_0_RESTRICTED_FS
2023-05-25 07:16:04,316 [WARN] ModelIntegratedComponent:182 - Modes not found for component STMicroelectronics:USB_HOST:1.0.0:STMicroelectronics:USB::USB Host:MSC FS::1.0:USB_HOST_1_0_RESTRICTED_FS
2023-05-25 07:16:04,316 [WARN] ModelIntegratedComponent:188 - Modes not found for component STMicroelectronics:USB_HOST:1.0.0:STMicroelectronics:USB::USB Host:MSC FS::1.0:USB_HOST_1_0_RESTRICTED_FS
2023-05-25 07:16:04,316 [WARN] ModelIntegratedComponent:182 - Modes not found for component STMicroelectronics:USB_HOST:1.0.0:STMicroelectronics:USB::USB Host:HID FS::1.0:USB_HOST_1_0_RESTRICTED_FS
2023-05-25 07:16:04,316 [WARN] ModelIntegratedComponent:188 - Modes not found for component STMicroelectronics:USB_HOST:1.0.0:STMicroelectronics:USB::USB Host:HID FS::1.0:USB_HOST_1_0_RESTRICTED_FS
2023-05-25 07:16:04,316 [WARN] ModelIntegratedComponent:182 - Modes not found for component STMicroelectronics:USB_HOST:1.0.0:STMicroelectronics:USB::USB Host:MTP FS::1.0:USB_HOST_1_0_RESTRICTED_FS
2023-05-25 07:16:04,316 [WARN] ModelIntegratedComponent:188 - Modes not found for component STMicroelectronics:USB_HOST:1.0.0:STMicroelectronics:USB::USB Host:MTP FS::1.0:USB_HOST_1_0_RESTRICTED_FS
2023-05-25 07:16:04,363 [WARN] ModelIntegratedComponent:63 - No mode defined for component null
2023-05-25 07:16:04,363 [WARN] ModelIntegratedComponent:63 - No mode defined for component null
2023-05-25 07:16:04,363 [WARN] ModelIntegratedComponent:63 - No mode defined for component null
2023-05-25 07:16:04,363 [WARN] ModelIntegratedComponent:63 - No mode defined for component null
2023-05-25 07:16:04,363 [WARN] ModelIntegratedComponent:63 - No mode defined for component null
2023-05-25 07:16:04,363 [WARN] ModelIntegratedComponent:63 - No mode defined for component null
2023-05-25 07:16:04,363 [WARN] ModelIntegratedComponent:63 - No mode defined for component null
2023-05-25 07:16:04,363 [WARN] ModelIntegratedComponent:63 - No mode defined for component null
2023-05-25 07:16:04,363 [WARN] ModelIntegratedComponent:63 - No mode defined for component null
2023-05-25 07:16:04,363 [WARN] ModelIntegratedComponent:63 - No mode defined for component null
2023-05-25 07:16:04,363 [WARN] ModelIntegratedComponent:63 - No mode defined for component null
2023-05-25 07:16:04,363 [WARN] ModelIntegratedComponent:63 - No mode defined for component null
2023-05-25 07:16:04,363 [WARN] ModelIntegratedComponent:63 - No mode defined for component null
2023-05-25 07:16:04,363 [WARN] ModelIntegratedComponent:63 - No mode defined for component null
2023-05-25 07:16:04,363 [WARN] ModelIntegratedComponent:63 - No mode defined for component null
2023-05-25 07:16:04,363 [WARN] ModelIntegratedComponent:63 - No mode defined for component null
2023-05-25 07:16:04,363 [WARN] ModelIntegratedComponent:63 - No mode defined for component null
2023-05-25 07:16:04,363 [WARN] ModelIntegratedComponent:63 - No mode defined for component null
2023-05-25 07:16:04,363 [WARN] ModelIntegratedComponent:63 - No mode defined for component null
2023-05-25 07:16:04,363 [WARN] ModelIntegratedComponent:63 - No mode defined for component null
2023-05-25 07:16:04,363 [WARN] ModelIntegratedComponent:63 - No mode defined for component null
2023-05-25 07:16:04,363 [WARN] ModelIntegratedComponent:63 - No mode defined for component null
2023-05-25 07:16:04,363 [WARN] ModelIntegratedComponent:63 - No mode defined for component null
2023-05-25 07:16:04,363 [WARN] ModelIntegratedComponent:63 - No mode defined for component null
2023-05-25 07:16:04,363 [WARN] ModelIntegratedComponent:63 - No mode defined for component null
2023-05-25 07:16:04,363 [WARN] ModelIntegratedComponent:63 - No mode defined for component null
2023-05-25 07:16:04,363 [WARN] ModelIntegratedComponent:63 - No mode defined for component null
2023-05-25 07:16:04,363 [WARN] ModelIntegratedComponent:63 - No mode defined for component null
2023-05-25 07:16:04,363 [WARN] ModelIntegratedComponent:63 - No mode defined for component null
2023-05-25 07:16:04,363 [WARN] ModelIntegratedComponent:63 - No mode defined for component null
2023-05-25 07:16:04,363 [WARN] ModelIntegratedComponent:63 - No mode defined for component null
2023-05-25 07:16:04,363 [WARN] ModelIntegratedComponent:63 - No mode defined for component null
2023-05-25 07:16:04,363 [WARN] ModelIntegratedComponent:63 - No mode defined for component null
2023-05-25 07:16:04,628 [WARN] ModelIntegratedComponent:182 - Modes not found for component STMicroelectronics:USB_DEVICE:1.0.0:STMicroelectronics:USB::USB Device:Audio FS::1.0:USB_DEVICE_1_0_RESTRICTED_FS
2023-05-25 07:16:04,628 [WARN] ModelIntegratedComponent:188 - Modes not found for component STMicroelectronics:USB_DEVICE:1.0.0:STMicroelectronics:USB::USB Device:Audio FS::1.0:USB_DEVICE_1_0_RESTRICTED_FS
2023-05-25 07:16:04,628 [WARN] ModelIntegratedComponent:182 - Modes not found for component STMicroelectronics:USB_DEVICE:1.0.0:STMicroelectronics:USB::USB Device:CDC FS::1.0:USB_DEVICE_1_0_RESTRICTED_FS
2023-05-25 07:16:04,628 [WARN] ModelIntegratedComponent:188 - Modes not found for component STMicroelectronics:USB_DEVICE:1.0.0:STMicroelectronics:USB::USB Device:CDC FS::1.0:USB_DEVICE_1_0_RESTRICTED_FS
2023-05-25 07:16:04,628 [WARN] ModelIntegratedComponent:182 - Modes not found for component STMicroelectronics:USB_DEVICE:1.0.0:STMicroelectronics:USB::USB Device:DFU FS::1.0:USB_DEVICE_1_0_RESTRICTED_FS
2023-05-25 07:16:04,628 [WARN] ModelIntegratedComponent:188 - Modes not found for component STMicroelectronics:USB_DEVICE:1.0.0:STMicroelectronics:USB::USB Device:DFU FS::1.0:USB_DEVICE_1_0_RESTRICTED_FS
2023-05-25 07:16:04,628 [WARN] ModelIntegratedComponent:182 - Modes not found for component STMicroelectronics:USB_DEVICE:1.0.0:STMicroelectronics:USB::USB Device:HID FS::1.0:USB_DEVICE_1_0_RESTRICTED_FS
2023-05-25 07:16:04,628 [WARN] ModelIntegratedComponent:188 - Modes not found for component STMicroelectronics:USB_DEVICE:1.0.0:STMicroelectronics:USB::USB Device:HID FS::1.0:USB_DEVICE_1_0_RESTRICTED_FS
2023-05-25 07:16:04,628 [WARN] ModelIntegratedComponent:182 - Modes not found for component STMicroelectronics:USB_DEVICE:1.0.0:STMicroelectronics:USB::USB Device:Custom HID FS::1.0:USB_DEVICE_1_0_RESTRICTED_FS
2023-05-25 07:16:04,628 [WARN] ModelIntegratedComponent:188 - Modes not found for component STMicroelectronics:USB_DEVICE:1.0.0:STMicroelectronics:USB::USB Device:Custom HID FS::1.0:USB_DEVICE_1_0_RESTRICTED_FS
2023-05-25 07:16:04,628 [WARN] ModelIntegratedComponent:182 - Modes not found for component STMicroelectronics:USB_DEVICE:1.0.0:STMicroelectronics:USB::USB Device:MSC FS::1.0:USB_DEVICE_1_0_RESTRICTED_FS
2023-05-25 07:16:04,628 [WARN] ModelIntegratedComponent:188 - Modes not found for component STMicroelectronics:USB_DEVICE:1.0.0:STMicroelectronics:USB::USB Device:MSC FS::1.0:USB_DEVICE_1_0_RESTRICTED_FS
2023-05-25 07:16:04,675 [WARN] IP:2113 - tgfx_nema_cl_size not found: check if there is a RefParameter without a condition.
2023-05-25 07:16:04,675 [WARN] IP:2113 - tgfx_nema_location not found: check if there is a RefParameter without a condition.
2023-05-25 07:16:04,691 [WARN] IP:2113 - tgfx_nema_cl_size not found: check if there is a RefParameter without a condition.
2023-05-25 07:16:04,691 [WARN] IP:2113 - tgfx_nema_location not found: check if there is a RefParameter without a condition.
2023-05-25 07:16:11,032 [INFO] ApiDbMcu:507 - Load IP Config File for FREERTOS
2023-05-25 07:16:11,141 [INFO] ApiDbMcu:507 - Load IP Config File for LIBJPEG
2023-05-25 07:16:11,188 [INFO] ThirdPartyModel:298 - Start build external matchings
2023-05-25 07:16:13,203 [INFO] ThirdPartyModel:316 - End build external matchings
2023-05-25 07:16:13,281 [INFO] RtosManager:919 - Current active RTOS is FREERTOS [Cortex-M7NS]
2023-05-25 07:16:13,359 [WARN] IP:2113 - LayerIdx_L1 not found: check if there is a RefParameter without a condition.
2023-05-25 07:16:13,359 [INFO] ImportTextPane:194 - (OptionalMessage_ERROR) IP (MDMA) : Parameter (Instance) has Id (MDMA_Channel40_JPEG_INFIFO_TH_0) currently not set
2023-05-25 07:16:13,359 [INFO] ImportTextPane:194 - (OptionalMessage_ERROR) IP (MDMA) : Parameter (Request) has Id (MDMA_Channel40_JPEG_INFIFO_TH_0) currently not set
2023-05-25 07:16:13,359 [INFO] ImportTextPane:194 - (OptionalMessage_ERROR) IP (MDMA) : Parameter (Rank) has Id (MDMA_Channel40_JPEG_INFIFO_TH_0) currently not set
2023-05-25 07:16:13,359 [INFO] ImportTextPane:194 - (OptionalMessage_ERROR) IP (MDMA) : Parameter (CircularMode) has Id (MDMA_Channel40_JPEG_INFIFO_TH_0) currently not set
2023-05-25 07:16:13,359 [INFO] ImportTextPane:194 - (OptionalMessage_ERROR) IP (MDMA) : Parameter (TransferTriggerMode) has Id (MDMA_Channel40_JPEG_INFIFO_TH_0) currently not set
2023-05-25 07:16:13,359 [INFO] ImportTextPane:194 - (OptionalMessage_ERROR) IP (MDMA) : Parameter (Priority) has Id (MDMA_Channel40_JPEG_INFIFO_TH_0) currently not set
2023-05-25 07:16:13,375 [INFO] ImportTextPane:194 - (OptionalMessage_ERROR) IP (MDMA) : Parameter (Endianness) has Id (MDMA_Channel40_JPEG_INFIFO_TH_0) currently not set
2023-05-25 07:16:13,375 [INFO] ImportTextPane:194 - (OptionalMessage_ERROR) IP (MDMA) : Parameter (SourceInc) has Id (MDMA_Channel40_JPEG_INFIFO_TH_0) currently not set
2023-05-25 07:16:13,375 [INFO] ImportTextPane:194 - (OptionalMessage_ERROR) IP (MDMA) : Parameter (DestinationInc) has Id (MDMA_Channel40_JPEG_INFIFO_TH_0) currently not set
2023-05-25 07:16:13,375 [INFO] ImportTextPane:194 - (OptionalMessage_ERROR) IP (MDMA) : Parameter (SourceDataSize) has Id (MDMA_Channel40_JPEG_INFIFO_TH_0) currently not set
2023-05-25 07:16:13,375 [INFO] ImportTextPane:194 - (OptionalMessage_ERROR) IP (MDMA) : Parameter (DestDataSize) has Id (MDMA_Channel40_JPEG_INFIFO_TH_0) currently not set
2023-05-25 07:16:13,375 [INFO] ImportTextPane:194 - (OptionalMessage_ERROR) IP (MDMA) : Parameter (DataAlignment) has Id (MDMA_Channel40_JPEG_INFIFO_TH_0) currently not set
2023-05-25 07:16:13,375 [INFO] ImportTextPane:194 - (OptionalMessage_ERROR) IP (MDMA) : Parameter (BufferTransferLength) has Id (MDMA_Channel40_JPEG_INFIFO_TH_0) currently not set
2023-05-25 07:16:13,375 [INFO] ImportTextPane:194 - (OptionalMessage_ERROR) IP (MDMA) : Parameter (SourceBurst) has Id (MDMA_Channel40_JPEG_INFIFO_TH_0) currently not set
2023-05-25 07:16:13,375 [INFO] ImportTextPane:194 - (OptionalMessage_ERROR) IP (MDMA) : Parameter (DestBurst) has Id (MDMA_Channel40_JPEG_INFIFO_TH_0) currently not set
2023-05-25 07:16:13,375 [INFO] ImportTextPane:194 - (OptionalMessage_ERROR) IP (MDMA) : Parameter (SourceBlockAddressOffset) has Id (MDMA_Channel40_JPEG_INFIFO_TH_0) currently not set
2023-05-25 07:16:13,375 [INFO] ImportTextPane:194 - (OptionalMessage_ERROR) IP (MDMA) : Parameter (DestBlockAddressOffset) has Id (MDMA_Channel40_JPEG_INFIFO_TH_0) currently not set
2023-05-25 07:16:13,375 [INFO] ImportTextPane:194 - (OptionalMessage_ERROR) IP (MDMA) : Parameter (MaskAddress) has Id (MDMA_Channel40_JPEG_INFIFO_TH_0) currently not set
2023-05-25 07:16:13,375 [INFO] ImportTextPane:194 - (OptionalMessage_ERROR) IP (MDMA) : Parameter (MaskData) has Id (MDMA_Channel40_JPEG_INFIFO_TH_0) currently not set
2023-05-25 07:16:13,375 [INFO] ImportTextPane:194 - (OptionalMessage_ERROR) IP (MDMA) : Parameter (SrcAddress) has Id (MDMA_Channel40_JPEG_INFIFO_TH_0) currently not set
2023-05-25 07:16:13,375 [INFO] ImportTextPane:194 - (OptionalMessage_ERROR) IP (MDMA) : Parameter (DstAddress) has Id (MDMA_Channel40_JPEG_INFIFO_TH_0) currently not set
2023-05-25 07:16:13,375 [INFO] ImportTextPane:194 - (OptionalMessage_ERROR) IP (MDMA) : Parameter (BlockDataLength) has Id (MDMA_Channel40_JPEG_INFIFO_TH_0) currently not set
2023-05-25 07:16:13,375 [INFO] ImportTextPane:194 - (OptionalMessage_ERROR) IP (MDMA) : Parameter (BlockCount) has Id (MDMA_Channel40_JPEG_INFIFO_TH_0) currently not set
2023-05-25 07:16:13,375 [INFO] ImportTextPane:194 - (OptionalMessage_ERROR) IP (MDMA) : Parameter (Instance) has Id (MDMA_Channel41_JPEG_OUTFIFO_TH_0) currently not set
2023-05-25 07:16:13,375 [INFO] ImportTextPane:194 - (OptionalMessage_ERROR) IP (MDMA) : Parameter (Request) has Id (MDMA_Channel41_JPEG_OUTFIFO_TH_0) currently not set
2023-05-25 07:16:13,375 [INFO] ImportTextPane:194 - (OptionalMessage_ERROR) IP (MDMA) : Parameter (Rank) has Id (MDMA_Channel41_JPEG_OUTFIFO_TH_0) currently not set
2023-05-25 07:16:13,375 [INFO] ImportTextPane:194 - (OptionalMessage_ERROR) IP (MDMA) : Parameter (CircularMode) has Id (MDMA_Channel41_JPEG_OUTFIFO_TH_0) currently not set
2023-05-25 07:16:13,375 [INFO] ImportTextPane:194 - (OptionalMessage_ERROR) IP (MDMA) : Parameter (TransferTriggerMode) has Id (MDMA_Channel41_JPEG_OUTFIFO_TH_0) currently not set
2023-05-25 07:16:13,375 [INFO] ImportTextPane:194 - (OptionalMessage_ERROR) IP (MDMA) : Parameter (Priority) has Id (MDMA_Channel41_JPEG_OUTFIFO_TH_0) currently not set
2023-05-25 07:16:13,375 [INFO] ImportTextPane:194 - (OptionalMessage_ERROR) IP (MDMA) : Parameter (Endianness) has Id (MDMA_Channel41_JPEG_OUTFIFO_TH_0) currently not set
2023-05-25 07:16:13,375 [INFO] ImportTextPane:194 - (OptionalMessage_ERROR) IP (MDMA) : Parameter (SourceInc) has Id (MDMA_Channel41_JPEG_OUTFIFO_TH_0) currently not set
2023-05-25 07:16:13,375 [INFO] ImportTextPane:194 - (OptionalMessage_ERROR) IP (MDMA) : Parameter (DestinationInc) has Id (MDMA_Channel41_JPEG_OUTFIFO_TH_0) currently not set
2023-05-25 07:16:13,375 [INFO] ImportTextPane:194 - (OptionalMessage_ERROR) IP (MDMA) : Parameter (SourceDataSize) has Id (MDMA_Channel41_JPEG_OUTFIFO_TH_0) currently not set
2023-05-25 07:16:13,375 [INFO] ImportTextPane:194 - (OptionalMessage_ERROR) IP (MDMA) : Parameter (DestDataSize) has Id (MDMA_Channel41_JPEG_OUTFIFO_TH_0) currently not set
2023-05-25 07:16:13,375 [INFO] ImportTextPane:194 - (OptionalMessage_ERROR) IP (MDMA) : Parameter (DataAlignment) has Id (MDMA_Channel41_JPEG_OUTFIFO_TH_0) currently not set
2023-05-25 07:16:13,375 [INFO] ImportTextPane:194 - (OptionalMessage_ERROR) IP (MDMA) : Parameter (BufferTransferLength) has Id (MDMA_Channel41_JPEG_OUTFIFO_TH_0) currently not set
2023-05-25 07:16:13,375 [INFO] ImportTextPane:194 - (OptionalMessage_ERROR) IP (MDMA) : Parameter (SourceBurst) has Id (MDMA_Channel41_JPEG_OUTFIFO_TH_0) currently not set
2023-05-25 07:16:13,375 [INFO] ImportTextPane:194 - (OptionalMessage_ERROR) IP (MDMA) : Parameter (DestBurst) has Id (MDMA_Channel41_JPEG_OUTFIFO_TH_0) currently not set
2023-05-25 07:16:13,375 [INFO] ImportTextPane:194 - (OptionalMessage_ERROR) IP (MDMA) : Parameter (SourceBlockAddressOffset) has Id (MDMA_Channel41_JPEG_OUTFIFO_TH_0) currently not set
2023-05-25 07:16:13,375 [INFO] ImportTextPane:194 - (OptionalMessage_ERROR) IP (MDMA) : Parameter (DestBlockAddressOffset) has Id (MDMA_Channel41_JPEG_OUTFIFO_TH_0) currently not set
2023-05-25 07:16:13,375 [INFO] ImportTextPane:194 - (OptionalMessage_ERROR) IP (MDMA) : Parameter (MaskAddress) has Id (MDMA_Channel41_JPEG_OUTFIFO_TH_0) currently not set
2023-05-25 07:16:13,375 [INFO] ImportTextPane:194 - (OptionalMessage_ERROR) IP (MDMA) : Parameter (MaskData) has Id (MDMA_Channel41_JPEG_OUTFIFO_TH_0) currently not set
2023-05-25 07:16:13,375 [INFO] ImportTextPane:194 - (OptionalMessage_ERROR) IP (MDMA) : Parameter (SrcAddress) has Id (MDMA_Channel41_JPEG_OUTFIFO_TH_0) currently not set
2023-05-25 07:16:13,375 [INFO] ImportTextPane:194 - (OptionalMessage_ERROR) IP (MDMA) : Parameter (DstAddress) has Id (MDMA_Channel41_JPEG_OUTFIFO_TH_0) currently not set
2023-05-25 07:16:13,375 [INFO] ImportTextPane:194 - (OptionalMessage_ERROR) IP (MDMA) : Parameter (BlockDataLength) has Id (MDMA_Channel41_JPEG_OUTFIFO_TH_0) currently not set
2023-05-25 07:16:13,375 [INFO] ImportTextPane:194 - (OptionalMessage_ERROR) IP (MDMA) : Parameter (BlockCount) has Id (MDMA_Channel41_JPEG_OUTFIFO_TH_0) currently not set
2023-05-25 07:16:13,391 [INFO] ImportTextPane:194 - (OptionalMessage_ERROR) IP (RCC) : Parameter (ADCFreq_Value) has invalid value (133000000)
2023-05-25 07:16:13,391 [INFO] ImportTextPane:194 - (OptionalMessage_ERROR) IP (RCC) : Parameter (FDCANFreq_Value) has invalid value (280000000)
2023-05-25 07:16:13,391 [INFO] ImportTextPane:194 - (OptionalMessage_ERROR) IP (RCC) : Invalid parameter (FamilyName)
2023-05-25 07:16:13,391 [INFO] ImportTextPane:194 - (OptionalMessage_ERROR) IP (RCC) : Parameter (SAI1Freq_Value) has invalid value (280000000)
2023-05-25 07:16:13,391 [INFO] ImportTextPane:194 - (OptionalMessage_ERROR) IP (RCC) : Parameter (SAI2AFreq_Value) has invalid value (280000000)
2023-05-25 07:16:13,391 [INFO] ImportTextPane:194 - (OptionalMessage_ERROR) IP (RCC) : Parameter (SAI2BFreq_Value) has invalid value (280000000)
2023-05-25 07:16:13,391 [INFO] ImportTextPane:194 - (OptionalMessage_ERROR) IP (RCC) : Parameter (USBFreq_Value) has invalid value (280000000)
2023-05-25 07:16:13,422 [WARN] IP:2113 - tgfx_nema_cl_size not found: check if there is a RefParameter without a condition.
2023-05-25 07:16:13,422 [WARN] IP:2113 - tgfx_nema_location not found: check if there is a RefParameter without a condition.
2023-05-25 07:16:13,422 [INFO] ImportTextPane:194 - (OptionalMessage_ERROR) IP (STMicroelectronics.X-CUBE-TOUCHGFX.4.21.4) : Parameter (tgfx_video_buffer_format) has invalid value (RGB888:3)
2023-05-25 07:16:13,422 [INFO] ImportTextPane:194 - (OptionalMessage_ERROR) IP (STMicroelectronics.X-CUBE-TOUCHGFX.4.21.4) : Parameter (ApplicationCcGraphicsJjApplication) has invalid value (TouchGFXOoGenerator)
2023-05-25 07:16:15,093 [INFO] UtilMem:75 - End LoadConfig() Used Memory: 197622104 Bytes (374341632)
2023-05-25 07:16:15,640 [INFO] ApiDb:581 - Connected to CubeFinder SQLite database (C:\Users\Balaji\.stmcufinder\plugins\mcufinder\mcu\cube-finder-db.db)
2023-05-25 07:16:17,530 [INFO] ApiDb:668 - CubeFinder database Data Model version=2.1
2023-05-25 07:16:17,530 [INFO] ApiDb:669 - CubeFinder database Configuration version=3.0.35
2023-05-25 07:16:17,530 [INFO] ApiDb:670 - CubeFinder database generation date=2023-04-03 (1680511692)
2023-05-25 07:16:17,530 [INFO] ApiDb:671 - CubeFinder database FW Pack versions=[FP-ATR-ASTRA1_V2.0.0, STM32Cube_FW_C0_V1.0.1, STM32Cube_FW_F0_V1.11.4, STM32Cube_FW_F3_V1.11.4, STM32Cube_FW_F4_V1.27.1, STM32Cube_FW_F7_V1.17.0, STM32Cube_FW_G0_V1.6.1, STM32Cube_FW_G4_V1.5.1, STM32Cube_FW_H5_V0.5.1, STM32Cube_FW_H5_V1.0.0, STM32Cube_FW_H7_V1.11.0, STM32Cube_FW_L0_V1.12.2, STM32Cube_FW_L5_V1.5.0, STM32Cube_FW_U5_V1.2.0, STM32Cube_FW_WBA_V1.0.0, STM32Cube_FW_WBA_V1.0.0RC1, STM32Cube_FW_WBA_V1.0.0RC3, STM32Cube_FW_WB_V1.15.0RC1, STM32Cube_FW_WB_V1.16.0, STM32Cube_FW_WB_V1.16.0RC2, STM32Cube_FW_WL_V1.3.0, X-CUBE-ALGOBUILD_V1.3.0, X-CUBE-ALS_V1.0.1, X-CUBE-AZRTOS-F4_V1.1.0, X-CUBE-AZRTOS-F7_V1.1.0, X-CUBE-AZRTOS-G0_V1.1.0, X-CUBE-AZRTOS-G4_V1.0.0, X-CUBE-AZRTOS-H7_V3.0.0, X-CUBE-AZRTOS-L4_V1.0.0, X-CUBE-AZRTOS-L5_V1.1.0, X-CUBE-AZRTOS-WB_V1.1.0, X-CUBE-AZRTOS-WL_V1.0.0, X-CUBE-BLE1_V6.2.4, X-CUBE-BLE2_V3.3.0, X-CUBE-BLEMGR_V1.3.0, X-CUBE-EEPRMA1_V4.1.0, X-CUBE-FREERTOS_V1.0.1, X-CUBE-GNSS1_V6.0.0, X-CUBE-MEMS1_V9.1.0, X-CUBE-MEMS1_V9.4.0, X-CUBE-MEMS1_V9.5.0, X-CUBE-NFC4_V3.0.0, X-CUBE-NFC7_V1.0.0, X-CUBE-SFXS2LP1_V4.0.0, X-CUBE-SUBG2_V5.0.0]
2023-05-25 07:16:45,211 [INFO] ApiDb:240 - Found 297 in-development CPN: [B-G473E-ZEST1S, B-WB1M-WPAN1, B-WL5M-SUBG1, NUCLEO-C031C6, NUCLEO-H503RB, NUCLEO-H563ZI, NUCLEO-U545RE-Q, NUCLEO-U5A5ZJ-Q, NUCLEO-WBA52CG, STEVAL-PROTEUS1, STEVAL-STWINBX1, STM320518-EVAL, STM32C0116-DK, STM32C011D6Y3TR, STM32C011D6Y6TR, STM32C011F4P3, STM32C011F4P6, STM32C011F4U3, STM32C011F4U6TR, STM32C011F6P3, STM32C011F6P6, STM32C011F6U3, STM32C011F6U6TR, STM32C011J4M3, STM32C011J4M6, STM32C011J6M3, STM32C011J6M6, STM32C0316-DK, STM32C031C4T3, STM32C031C4T6, STM32C031C4U3, STM32C031C4U6, STM32C031C6T3, STM32C031C6T6, STM32C031C6U3, STM32C031C6U6, STM32C031F4P3, STM32C031F4P6, STM32C031F6P3, STM32C031F6P6, STM32C031G4U3, STM32C031G4U6, STM32C031G6U3, STM32C031G6U6, STM32C031K4T3, STM32C031K4T6, STM32C031K4U3, STM32C031K4U6, STM32C031K6T3, STM32C031K6T6, STM32C031K6U3, STM32C031K6U6, STM32G071K8TXN, STM32G071K8UXN, STM32G081GBU6N, STM32G081KBT6N, STM32G081KBUXN, STM32G0B1CCT6N, STM32G0B1KCT6, STM32G0B1NEY6TR, STM32G0B1RCT6N, STM32G0C1CCT6, STM32G0C1CCT6N, STM32G0C1CCU6N, STM32G0C1CET6N, STM32G0C1CEU6N, STM32G0C1KCT6, STM32G0C1NEY6TR, STM32G0C1RCI6N, STM32G0C1RCT6N, STM32G0C1REI6N, STM32G0C1RET6N, STM32G0C1VCI6, STM32G0C1VEI6, STM32G471CCT6, STM32G471CCU6, STM32G471CET3, STM32G471CET6, STM32G471CEU3, STM32G471CEU6, STM32G471MCT6, STM32G471MET3, STM32G471MET6, STM32G471MEY6TR, STM32G471QCT6, STM32G471QET3, STM32G471RCT6, STM32G471RET3, STM32G471RET6, STM32G471VCH6, STM32G471VCI6, STM32G471VCT6, STM32G471VEH3, STM32G471VEH6, STM32G471VEI3, STM32G471VEI6, STM32G471VET3, STM32G471VET6, STM32G474CCT6, STM32H503CBT6, STM32H503CBU6, STM32H503EBY6TR, STM32H503KBU6, STM32H503RBT6, STM32H562AGI6, STM32H562AII6, STM32H562IGK6, STM32H562IGT6, STM32H562IIK6, STM32H562IIT6, STM32H562RGT6, STM32H562RGV6, STM32H562RIT6, STM32H562RIV6, STM32H562VGT6, STM32H562VIT6, STM32H562ZGT6, STM32H562ZIT6, STM32H563AGI6, STM32H563AII3Q, STM32H563AII6, STM32H563IGK6, STM32H563IGT6, STM32H563IIK3Q, STM32H563IIK6, STM32H563IIT3Q, STM32H563IIT6, STM32H563MIY3QTR, STM32H563RGT6, STM32H563RGV6, STM32H563RIT6, STM32H563RIV6, STM32H563VGT6, STM32H563VIT3Q, STM32H563VIT6, STM32H563ZGT6, STM32H563ZIT3Q, STM32H563ZIT6, STM32H573AII3Q, STM32H573AII6, STM32H573I-DK, STM32H573IIK3Q, STM32H573IIK6, STM32H573IIT3Q, STM32H573IIT6, STM32H573MIY3QTR, STM32H573RIT6, STM32H573RIV6, STM32H573VIT3Q, STM32H573VIT6, STM32H573ZIT3Q, STM32H573ZIT6, STM32L4R5QGI6STR, STM32MP131AAE3, STM32MP131AAF3, STM32MP131AAG3, STM32MP131CAE3, STM32MP131CAF3, STM32MP131CAG3, STM32MP131DAE7, STM32MP131DAF7, STM32MP131DAG7, STM32MP131FAE7, STM32MP131FAF7, STM32MP131FAG7, STM32MP133AAE3, STM32MP133AAF3, STM32MP133AAG3, STM32MP133CAE3, STM32MP133CAF3, STM32MP133CAG3, STM32MP133DAE7, STM32MP133DAF7, STM32MP133DAG7, STM32MP133FAE7, STM32MP133FAF7, STM32MP133FAG7, STM32MP135AAE3, STM32MP135AAF3, STM32MP135AAG3, STM32MP135CAE3, STM32MP135CAF3, STM32MP135CAG3, STM32MP135DAE7, STM32MP135DAF7, STM32MP135DAG7, STM32MP135F-DK, STM32MP135FAE7, STM32MP135FAF7, STM32MP135FAF7T, STM32MP135FAF7U, STM32MP135FAG7, STM32U535CBT6, STM32U535CBT6Q, STM32U535CBU6, STM32U535CBU6Q, STM32U535CCT6, STM32U535CCT6Q, STM32U535CCU6, STM32U535CCU6Q, STM32U535CET6, STM32U535CET6Q, STM32U535CEU6, STM32U535CEU6Q, STM32U535JEY6QTR, STM32U535NCY6QTR, STM32U535NEY6QTR, STM32U535RBI6, STM32U535RBI6Q, STM32U535RBT6, STM32U535RBT6Q, STM32U535RCI6, STM32U535RCI6Q, STM32U535RCT6, STM32U535RCT6Q, STM32U535REI6, STM32U535REI6Q, STM32U535RET6, STM32U535RET6Q, STM32U535VCI6, STM32U535VCI6Q, STM32U535VCT6, STM32U535VCT6Q, STM32U535VEI6, STM32U535VEI6Q, STM32U535VET6, STM32U535VET6Q, STM32U545CET6, STM32U545CET6Q, STM32U545CEU6, STM32U545CEU6Q, STM32U545JEY6QTR, STM32U545NEY6QTR, STM32U545REI6, STM32U545REI6Q, STM32U545RET6, STM32U545RET6Q, STM32U545VEI6, STM32U545VEI6Q, STM32U545VET6, STM32U545VET6Q, STM32U595AIH6, STM32U595AIH6Q, STM32U595AJH6, STM32U595AJH6Q, STM32U595QII6, STM32U595QII6Q, STM32U595QJI6, STM32U595QJI6Q, STM32U595RIT6, STM32U595RIT6Q, STM32U595RJT6, STM32U595RJT6Q, STM32U595VIT6, STM32U595VIT6Q, STM32U595VJT6, STM32U595VJT6Q, STM32U595ZIT6, STM32U595ZIT6Q, STM32U595ZIY6QTR, STM32U595ZJT6, STM32U595ZJT6Q, STM32U595ZJY6QTR, STM32U599BJY6QTR, STM32U599NIH6Q, STM32U599NJH6Q, STM32U599VIT6Q, STM32U599VJT6, STM32U599VJT6Q, STM32U599ZIT6Q, STM32U599ZIY6QTR, STM32U599ZJT6Q, STM32U599ZJY6QTR, STM32U5A5AJH6, STM32U5A5AJH6Q, STM32U5A5QJI6, STM32U5A5QJI6Q, STM32U5A5RJT6, STM32U5A5RJT6Q, STM32U5A5VJT6, STM32U5A5VJT6Q, STM32U5A5ZJT6, STM32U5A5ZJT6Q, STM32U5A5ZJY6QTR, STM32U5A9BJY6QTR, STM32U5A9J-DK, STM32U5A9NJH6Q, STM32U5A9VJT6Q, STM32U5A9ZJT6Q, STM32U5A9ZJY6QTR, STM32WB1MMCH6, STM32WBA52CEU6, STM32WBA52CEU6T, STM32WBA52CGU6, STM32WBA52CGU6T, STM32WL5MOCH6, STM32WL5MOCH6TR]
2023-05-25 07:16:45,211 [INFO] DbMcus:216 - Found 3775 MCUs, 3775 are supported
2023-05-25 07:16:45,258 [INFO] ApiDb:423 - Load user favorites file C:\Users\Balaji/.stm32cubeide/favorites.mcus.txt: 0 item(s)
2023-05-25 07:16:45,258 [INFO] ApiDb:427 - User favorites MCUs=[]
2023-05-25 07:16:45,258 [INFO] DbMcus:222 - Set 0 / 0 favorites MCUs
2023-05-25 07:16:46,711 [WARN] ThirdParty:833 - waiting for thirdparty lock release [change project]
2023-05-25 07:16:46,711 [INFO] ThirdParty:835 - entering critical section [change project]
2023-05-25 07:16:46,711 [INFO] ThirdParty:1030 - CMSIS Pack Vendor :STMicroelectronics X-CUBE-ISPU 1.1.0
2023-05-25 07:16:46,711 [INFO] ThirdParty:1030 - CMSIS Pack Vendor :STMicroelectronics X-CUBE-GNSS1 6.0.0
2023-05-25 07:16:46,711 [INFO] ThirdParty:1030 - CMSIS Pack Vendor :STMicroelectronics X-CUBE-AZRTOS-H7 2.1.0
2023-05-25 07:16:46,711 [INFO] ThirdParty:1030 - CMSIS Pack Vendor :STMicroelectronics USB_HOST 2.0.0
2023-05-25 07:16:46,711 [INFO] ThirdParty:1030 - CMSIS Pack Vendor :STMicroelectronics X-CUBE-AZRTOS-F4 1.1.0
2023-05-25 07:16:46,711 [INFO] ThirdParty:1030 - CMSIS Pack Vendor :STMicroelectronics LIBJPEG 8.0.0
2023-05-25 07:16:46,711 [INFO] ThirdParty:1030 - CMSIS Pack Vendor :STMicroelectronics X-CUBE-SMBUS 2.1.0
2023-05-25 07:16:46,711 [INFO] ThirdParty:1030 - CMSIS Pack Vendor :STMicroelectronics USB_DEVICE 3.0.0
2023-05-25 07:16:46,711 [INFO] ThirdParty:1030 - CMSIS Pack Vendor :STMicroelectronics X-CUBE-AI 8.0.0
2023-05-25 07:16:46,711 [INFO] ThirdParty:1030 - CMSIS Pack Vendor :STMicroelectronics X-CUBE-FREERTOS 1.0.0
2023-05-25 07:16:46,711 [INFO] ThirdParty:1030 - CMSIS Pack Vendor :STMicroelectronics X-CUBE-FREERTOS 1.0.1
2023-05-25 07:16:46,711 [INFO] ThirdParty:1030 - CMSIS Pack Vendor :STMicroelectronics X-CUBE-TOUCHGFX 4.21.1
2023-05-25 07:16:46,711 [INFO] ThirdParty:1030 - CMSIS Pack Vendor :STMicroelectronics X-CUBE-TOUCHGFX 4.21.0
2023-05-25 07:16:46,711 [INFO] ThirdParty:1030 - CMSIS Pack Vendor :STMicroelectronics X-CUBE-TOUCHGFX 4.21.3
2023-05-25 07:16:46,711 [INFO] ThirdParty:1030 - CMSIS Pack Vendor :STMicroelectronics X-CUBE-BLEMGR 1.0.0
2023-05-25 07:16:46,711 [INFO] ThirdParty:1030 - CMSIS Pack Vendor :STMicroelectronics X-CUBE-MEMS1 9.2.0
2023-05-25 07:16:46,711 [INFO] ThirdParty:1030 - CMSIS Pack Vendor :STMicroelectronics X-CUBE-AZRTOS-F7 1.1.0
2023-05-25 07:16:46,711 [INFO] ThirdParty:1030 - CMSIS Pack Vendor :STMicroelectronics X-CUBE-TOUCHGFX 4.21.4
2023-05-25 07:16:46,711 [INFO] ThirdParty:1030 - CMSIS Pack Vendor :STMicroelectronics X-CUBE-MEMS1 9.4.0
2023-05-25 07:16:46,711 [INFO] ThirdParty:1030 - CMSIS Pack Vendor :STMicroelectronics USB_DEVICE 2.0.0
2023-05-25 07:16:46,711 [INFO] ThirdParty:1030 - CMSIS Pack Vendor :STMicroelectronics X-CUBE-AI 7.3.0
2023-05-25 07:16:46,711 [INFO] ThirdParty:1030 - CMSIS Pack Vendor :STMicroelectronics X-CUBE-MEMS1 9.6.0
2023-05-25 07:16:46,711 [INFO] ThirdParty:1030 - CMSIS Pack Vendor :STMicroelectronics X-CUBE-TOUCHGFX 4.19.1
2023-05-25 07:16:46,711 [INFO] ThirdParty:1030 - CMSIS Pack Vendor :STMicroelectronics FP-SNS-MOTENV1 4.3.0
2023-05-25 07:16:46,711 [INFO] ThirdParty:1030 - CMSIS Pack Vendor :STMicroelectronics FP-SNS-FLIGHT1 5.0.0
2023-05-25 07:16:46,711 [INFO] ThirdParty:1030 - CMSIS Pack Vendor :STMicroelectronics X-CUBE-BLE1 6.2.3
2023-05-25 07:16:46,711 [INFO] ThirdParty:1030 - CMSIS Pack Vendor :STMicroelectronics X-CUBE-BLE1 6.2.4
2023-05-25 07:16:46,711 [INFO] ThirdParty:1030 - CMSIS Pack Vendor :STMicroelectronics X-CUBE-AZRTOS-L5 1.1.0
2023-05-25 07:16:46,711 [INFO] ThirdParty:1030 - CMSIS Pack Vendor :STMicroelectronics FreeRTOS 0.0.1
2023-05-25 07:16:46,711 [INFO] ThirdParty:1030 - CMSIS Pack Vendor :STMicroelectronics X-CUBE-AZRTOS-G0 1.1.0
2023-05-25 07:16:46,711 [INFO] ThirdParty:1030 - CMSIS Pack Vendor :STMicroelectronics X-CUBE-BLEMGR 2.0.0
2023-05-25 07:16:46,711 [INFO] ThirdParty:1030 - CMSIS Pack Vendor :STMicroelectronics X-CUBE-AI 8.0.1
2023-05-25 07:16:46,711 [INFO] ThirdParty:1030 - CMSIS Pack Vendor :STMicroelectronics X-CUBE-NFC4 3.0.0
2023-05-25 07:16:46,711 [INFO] ThirdParty:1030 - CMSIS Pack Vendor :STMicroelectronics X-CUBE-SUBG2 5.0.0
2023-05-25 07:16:46,711 [INFO] ThirdParty:1030 - CMSIS Pack Vendor :STMicroelectronics STM32_WPAN 1.0.0
2023-05-25 07:16:46,711 [INFO] ThirdParty:1030 - CMSIS Pack Vendor :STMicroelectronics lwIP 2.0.3
2023-05-25 07:16:46,711 [INFO] ThirdParty:1030 - CMSIS Pack Vendor :STMicroelectronics X-CUBE-NFC4 2.0.5
2023-05-25 07:16:46,711 [INFO] ThirdParty:1030 - CMSIS Pack Vendor :STMicroelectronics X-CUBE-NFC4 2.0.4
2023-05-25 07:16:46,711 [INFO] ThirdParty:1030 - CMSIS Pack Vendor :STMicroelectronics USB_HOST 1.0.0
2023-05-25 07:16:46,711 [INFO] ThirdParty:1030 - CMSIS Pack Vendor :STMicroelectronics X-CUBE-AZRTOS-G4 2.0.0
2023-05-25 07:16:46,711 [INFO] ThirdParty:1030 - CMSIS Pack Vendor :STMicroelectronics PDM2PCM 3.1.0
2023-05-25 07:16:46,711 [INFO] ThirdParty:1030 - CMSIS Pack Vendor :STMicroelectronics X-CUBE-AZRTOS-H7 3.1.0
2023-05-25 07:16:46,711 [INFO] ThirdParty:1030 - CMSIS Pack Vendor :STMicroelectronics X-CUBE-TOF1 3.3.0
2023-05-25 07:16:46,711 [INFO] ThirdParty:1030 - CMSIS Pack Vendor :STMicroelectronics FP-ATR-ASTRA1 1.1.1
2023-05-25 07:16:46,711 [INFO] ThirdParty:1030 - CMSIS Pack Vendor :STMicroelectronics X-CUBE-TOUCHGFX 4.19.0
2023-05-25 07:16:46,711 [INFO] ThirdParty:1030 - CMSIS Pack Vendor :STMicroelectronics PDM2PCM 3.3.0
2023-05-25 07:16:46,711 [INFO] ThirdParty:1030 - CMSIS Pack Vendor :STMicroelectronics X-CUBE-TOF1 3.1.0
2023-05-25 07:16:46,711 [INFO] ThirdParty:1030 - CMSIS Pack Vendor :STMicroelectronics FP-ATR-ASTRA1 1.1.0
2023-05-25 07:16:46,711 [INFO] ThirdParty:1030 - CMSIS Pack Vendor :STMicroelectronics X-CUBE-DISPLAY 3.0.0
2023-05-25 07:16:46,711 [INFO] ThirdParty:1030 - CMSIS Pack Vendor :STMicroelectronics X-CUBE-BLEMGR 1.3.0
2023-05-25 07:16:46,711 [INFO] ThirdParty:1030 - CMSIS Pack Vendor :STMicroelectronics FP-ATR-SIGFOX1 3.2.0
2023-05-25 07:16:46,711 [INFO] ThirdParty:1030 - CMSIS Pack Vendor :STMicroelectronics HAL Drivers 0.0.0
2023-05-25 07:16:46,711 [INFO] ThirdParty:1030 - CMSIS Pack Vendor :STMicroelectronics MBEDTLS 2.16.2
2023-05-25 07:16:46,711 [INFO] ThirdParty:1030 - CMSIS Pack Vendor :emotas I-CUBE-CANOPEN 1.1.2
2023-05-25 07:16:46,711 [INFO] ThirdParty:1030 - CMSIS Pack Vendor :STMicroelectronics X-CUBE-TOUCHGFX 4.20.0
2023-05-25 07:16:46,711 [INFO] ThirdParty:1030 - CMSIS Pack Vendor :STMicroelectronics MBEDTLS 2.14.1
2023-05-25 07:16:46,711 [INFO] ThirdParty:1030 - CMSIS Pack Vendor :STMicroelectronics X-CUBE-NFC7 1.0.0
2023-05-25 07:16:46,711 [INFO] ThirdParty:1030 - CMSIS Pack Vendor :STMicroelectronics X-CUBE-MEMS1 9.3.0
2023-05-25 07:16:46,711 [INFO] ThirdParty:1030 - CMSIS Pack Vendor :STMicroelectronics X-CUBE-EEPRMA1 4.1.0
2023-05-25 07:16:46,711 [INFO] ThirdParty:1030 - CMSIS Pack Vendor :portGmbH I-Cube-SoM-uGOAL 1.1.0
2023-05-25 07:16:46,711 [INFO] ThirdParty:1030 - CMSIS Pack Vendor :STMicroelectronics X-CUBE-AI 7.2.0
2023-05-25 07:16:46,711 [INFO] ThirdParty:1030 - CMSIS Pack Vendor :STMicroelectronics X-CUBE-MEMS1 9.5.0
2023-05-25 07:16:46,711 [INFO] ThirdParty:1030 - CMSIS Pack Vendor :STMicroelectronics ThreadX 1.0.0
2023-05-25 07:16:46,711 [INFO] ThirdParty:1030 - CMSIS Pack Vendor :STMicroelectronics X-CUBE-AZRTOS-WB 1.1.0
2023-05-25 07:16:46,711 [INFO] ThirdParty:1030 - CMSIS Pack Vendor :SEGGER I-CUBE-embOS 1.3.1
2023-05-25 07:16:46,711 [INFO] ThirdParty:1030 - CMSIS Pack Vendor :STMicroelectronics USB_DEVICE 1.0.0
2023-05-25 07:16:46,711 [INFO] ThirdParty:1030 - CMSIS Pack Vendor :STMicroelectronics ThreadX 0.0.2
2023-05-25 07:16:46,711 [INFO] ThirdParty:1030 - CMSIS Pack Vendor :WES I-CUBE-Cesium 1.3.0
2023-05-25 07:16:46,711 [INFO] ThirdParty:1030 - CMSIS Pack Vendor :STMicroelectronics FP-ATR-ASTRA1 2.0.0
2023-05-25 07:16:46,711 [INFO] ThirdParty:1030 - CMSIS Pack Vendor :STMicroelectronics lwIP 2.1.2
2023-05-25 07:16:46,711 [INFO] ThirdParty:1030 - CMSIS Pack Vendor :STMicroelectronics X-CUBE-SFXS2LP1 4.0.0
2023-05-25 07:16:46,711 [INFO] ThirdParty:1030 - CMSIS Pack Vendor :STMicroelectronics X-CUBE-BLE2 3.3.0
2023-05-25 07:16:46,711 [INFO] ThirdParty:1030 - CMSIS Pack Vendor :STMicroelectronics X-CUBE-DISPLAY 2.2.0
2023-05-25 07:16:46,711 [INFO] ThirdParty:1030 - CMSIS Pack Vendor :STMicroelectronics X-CUBE-TOF1 3.2.0
2023-05-25 07:16:46,711 [INFO] ThirdParty:1030 - CMSIS Pack Vendor :STMicroelectronics PDM2PCM 3.2.0
2023-05-25 07:16:46,711 [INFO] ThirdParty:1030 - CMSIS Pack Vendor :STMicroelectronics X-CUBE-AZRTOS-H7 3.0.0
2023-05-25 07:16:46,711 [INFO] ThirdParty:1030 - CMSIS Pack Vendor :STMicroelectronics X-CUBE-ISPU 1.0.0
2023-05-25 07:16:46,711 [INFO] ThirdParty:841 - exiting critical section [change project]
2023-05-25 07:16:47,851 [INFO] PinOutPanel:1499 - setPackage(No Configuration,No Configuration)
2023-05-25 07:16:47,851 [INFO] PinOutPanel:1499 - setPackage(STM32H7B3LIHxQ,TFBGA225)
2023-05-25 07:16:51,241 [INFO] UtilMem:75 - Before build in PCC Used Memory: 243693568 Bytes (374341632)
2023-05-25 07:16:57,396 [INFO] UtilMem:75 - After build in PCC Used Memory: 305592384 Bytes (374341632)
2023-05-25 07:16:57,568 [INFO] IPUIPlugin:80 - create IPUIPlugin
2023-05-25 07:16:57,568 [INFO] IPUIPlugin:80 - create IPUIPlugin
2023-05-25 07:16:57,568 [INFO] IPUIPlugin:80 - create IPUIPlugin
2023-05-25 07:16:57,568 [INFO] IPUIPlugin:80 - create IPUIPlugin
2023-05-25 07:16:57,568 [INFO] IPUIPlugin:80 - create IPUIPlugin
2023-05-25 07:16:57,568 [INFO] IPUIPlugin:80 - create IPUIPlugin
2023-05-25 07:16:57,568 [INFO] IPUIPlugin:80 - create IPUIPlugin
2023-05-25 07:16:57,568 [INFO] IPUIPlugin:80 - create IPUIPlugin
2023-05-25 07:16:57,568 [INFO] IPUIPlugin:80 - create IPUIPlugin
2023-05-25 07:16:57,568 [INFO] IPUIPlugin:80 - create IPUIPlugin
2023-05-25 07:16:57,568 [INFO] IPUIPlugin:80 - create IPUIPlugin
2023-05-25 07:16:57,568 [INFO] IPUIPlugin:80 - create IPUIPlugin
2023-05-25 07:16:57,568 [INFO] IPUIPlugin:80 - create IPUIPlugin
2023-05-25 07:16:57,568 [INFO] IPUIPlugin:80 - create IPUIPlugin
2023-05-25 07:16:57,568 [INFO] IPUIPlugin:80 - create IPUIPlugin
2023-05-25 07:16:57,568 [INFO] IPUIPlugin:80 - create IPUIPlugin
2023-05-25 07:16:57,568 [INFO] IPUIPlugin:80 - create IPUIPlugin
2023-05-25 07:16:57,568 [INFO] IPUIPlugin:80 - create IPUIPlugin
2023-05-25 07:16:57,568 [INFO] IPUIPlugin:80 - create IPUIPlugin
2023-05-25 07:16:57,568 [INFO] IPUIPlugin:80 - create IPUIPlugin
2023-05-25 07:16:57,568 [INFO] IPUIPlugin:80 - create IPUIPlugin
2023-05-25 07:16:57,568 [INFO] IPUIPlugin:80 - create IPUIPlugin
2023-05-25 07:16:57,568 [INFO] IPUIPlugin:80 - create IPUIPlugin
2023-05-25 07:16:57,568 [INFO] IPUIPlugin:80 - create IPUIPlugin
2023-05-25 07:16:57,568 [INFO] IPUIPlugin:80 - create IPUIPlugin
2023-05-25 07:16:57,568 [INFO] IPUIPlugin:80 - create IPUIPlugin
2023-05-25 07:16:57,568 [INFO] IPUIPlugin:80 - create IPUIPlugin
2023-05-25 07:16:57,568 [INFO] IPUIPlugin:80 - create IPUIPlugin
2023-05-25 07:16:57,568 [INFO] IPUIPlugin:80 - create IPUIPlugin
2023-05-25 07:16:57,568 [INFO] IPUIPlugin:80 - create IPUIPlugin
2023-05-25 07:16:57,568 [INFO] IPUIPlugin:80 - create IPUIPlugin
2023-05-25 07:16:57,568 [INFO] IPUIPlugin:80 - create IPUIPlugin
2023-05-25 07:16:57,568 [INFO] IPUIPlugin:80 - create IPUIPlugin
2023-05-25 07:16:57,568 [INFO] IPUIPlugin:80 - create IPUIPlugin
2023-05-25 07:16:57,583 [INFO] IPUIPlugin:80 - create IPUIPlugin
2023-05-25 07:16:57,583 [INFO] IPUIPlugin:80 - create IPUIPlugin
2023-05-25 07:16:57,583 [INFO] IPUIPlugin:80 - create IPUIPlugin
2023-05-25 07:16:57,583 [INFO] IPUIPlugin:80 - create IPUIPlugin
2023-05-25 07:16:57,583 [INFO] IPUIPlugin:80 - create IPUIPlugin
2023-05-25 07:16:57,583 [INFO] IPUIPlugin:80 - create IPUIPlugin
2023-05-25 07:16:57,583 [INFO] IPUIPlugin:80 - create IPUIPlugin
2023-05-25 07:16:57,583 [INFO] IPUIPlugin:80 - create IPUIPlugin
2023-05-25 07:16:57,583 [INFO] IPUIPlugin:80 - create IPUIPlugin
2023-05-25 07:16:57,583 [INFO] IPUIPlugin:80 - create IPUIPlugin
2023-05-25 07:16:57,583 [INFO] IPUIPlugin:80 - create IPUIPlugin
2023-05-25 07:16:57,583 [INFO] IPUIPlugin:80 - create IPUIPlugin
2023-05-25 07:16:57,583 [INFO] IPUIPlugin:80 - create IPUIPlugin
2023-05-25 07:16:57,583 [INFO] IPUIPlugin:80 - create IPUIPlugin
2023-05-25 07:16:57,583 [INFO] IPUIPlugin:80 - create IPUIPlugin
2023-05-25 07:16:57,583 [INFO] IPUIPlugin:80 - create IPUIPlugin
2023-05-25 07:16:57,583 [INFO] IPUIPlugin:80 - create IPUIPlugin
2023-05-25 07:16:57,583 [INFO] IPUIPlugin:80 - create IPUIPlugin
2023-05-25 07:16:57,583 [INFO] IPUIPlugin:80 - create IPUIPlugin
2023-05-25 07:16:57,583 [INFO] IPUIPlugin:80 - create IPUIPlugin
2023-05-25 07:16:57,583 [INFO] IPUIPlugin:80 - create IPUIPlugin
2023-05-25 07:16:57,583 [INFO] IPUIPlugin:80 - create IPUIPlugin
2023-05-25 07:16:57,583 [INFO] IPUIPlugin:80 - create IPUIPlugin
2023-05-25 07:16:57,599 [INFO] IPUIPlugin:80 - create IPUIPlugin
2023-05-25 07:16:57,599 [INFO] IPUIPlugin:80 - create IPUIPlugin
2023-05-25 07:16:57,599 [INFO] IPUIPlugin:80 - create IPUIPlugin
2023-05-25 07:16:57,599 [INFO] IPUIPlugin:80 - create IPUIPlugin
2023-05-25 07:16:57,599 [INFO] IPUIPlugin:80 - create IPUIPlugin
2023-05-25 07:16:57,599 [INFO] IPUIPlugin:80 - create IPUIPlugin
2023-05-25 07:16:57,599 [INFO] IPUIPlugin:80 - create IPUIPlugin
2023-05-25 07:16:57,599 [INFO] IPUIPlugin:80 - create IPUIPlugin
2023-05-25 07:16:57,599 [INFO] IPUIPlugin:80 - create IPUIPlugin
2023-05-25 07:16:57,599 [INFO] IPUIPlugin:80 - create IPUIPlugin
2023-05-25 07:16:57,599 [INFO] IPUIPlugin:80 - create IPUIPlugin
2023-05-25 07:16:57,599 [INFO] IPUIPlugin:80 - create IPUIPlugin
2023-05-25 07:16:57,599 [INFO] IPUIPlugin:80 - create IPUIPlugin
2023-05-25 07:16:57,599 [INFO] IPUIPlugin:80 - create IPUIPlugin
2023-05-25 07:16:57,599 [INFO] IPUIPlugin:80 - create IPUIPlugin
2023-05-25 07:16:57,599 [INFO] IPUIPlugin:80 - create IPUIPlugin
2023-05-25 07:16:57,599 [INFO] IPUIPlugin:80 - create IPUIPlugin
2023-05-25 07:16:57,615 [INFO] IPUIPlugin:80 - create IPUIPlugin
2023-05-25 07:16:57,615 [INFO] IPUIPlugin:80 - create IPUIPlugin
2023-05-25 07:16:57,615 [INFO] IPUIPlugin:80 - create IPUIPlugin
2023-05-25 07:16:57,615 [INFO] IPUIPlugin:80 - create IPUIPlugin
2023-05-25 07:16:57,615 [INFO] IPUIPlugin:80 - create IPUIPlugin
2023-05-25 07:16:57,615 [INFO] IPUIPlugin:80 - create IPUIPlugin
2023-05-25 07:16:57,615 [INFO] IPUIPlugin:80 - create IPUIPlugin
2023-05-25 07:16:57,615 [INFO] IPUIPlugin:80 - create IPUIPlugin
2023-05-25 07:16:57,615 [INFO] IPUIPlugin:80 - create IPUIPlugin
2023-05-25 07:16:57,615 [INFO] IPUIPlugin:80 - create IPUIPlugin
2023-05-25 07:16:57,615 [INFO] IPUIPlugin:80 - create IPUIPlugin
2023-05-25 07:16:57,615 [INFO] IPUIPlugin:80 - create IPUIPlugin
2023-05-25 07:16:57,615 [INFO] IPUIPlugin:80 - create IPUIPlugin
2023-05-25 07:16:57,615 [INFO] IPUIPlugin:80 - create IPUIPlugin
2023-05-25 07:16:57,615 [INFO] IPUIPlugin:80 - create IPUIPlugin
2023-05-25 07:16:57,615 [INFO] IPUIPlugin:80 - create IPUIPlugin
2023-05-25 07:16:57,630 [INFO] IPUIPlugin:80 - create IPUIPlugin
2023-05-25 07:16:57,630 [INFO] IPUIPlugin:80 - create IPUIPlugin
2023-05-25 07:16:57,630 [INFO] IPUIPlugin:80 - create IPUIPlugin
2023-05-25 07:16:57,630 [INFO] IPUIPlugin:80 - create IPUIPlugin
2023-05-25 07:16:57,630 [INFO] IPUIPlugin:80 - create IPUIPlugin
2023-05-25 07:16:57,630 [INFO] IPUIPlugin:80 - create IPUIPlugin
2023-05-25 07:16:57,630 [INFO] IPUIPlugin:80 - create IPUIPlugin
2023-05-25 07:16:57,630 [INFO] IPUIPlugin:80 - create IPUIPlugin
2023-05-25 07:16:57,630 [INFO] IPUIPlugin:80 - create IPUIPlugin
2023-05-25 07:16:57,630 [INFO] IPUIPlugin:80 - create IPUIPlugin
2023-05-25 07:16:57,646 [INFO] IPUIPlugin:80 - create IPUIPlugin
2023-05-25 07:16:57,646 [INFO] IPUIPlugin:80 - create IPUIPlugin
2023-05-25 07:16:57,646 [INFO] IPUIPlugin:80 - create IPUIPlugin
2023-05-25 07:16:57,646 [INFO] IPUIPlugin:80 - create IPUIPlugin
2023-05-25 07:16:57,740 [INFO] ApiDbMcu:507 - Load IP Config File for PDM2PCM
2023-05-25 07:16:57,818 [WARN] FreeRTOS:1023 - Null or empty value: should not occur! (nothing added to the table)
2023-05-25 07:16:59,083 [INFO] CADModel:165 - CPN selected for project levelSTM32H7B3LIH6Q
2023-05-25 07:16:59,083 [INFO] CADModel:114 - Register for checkConnection events
2023-05-25 07:16:59,114 [INFO] RtosManager:697 - Active RTOS found at IOC load: FREERTOS [Cortex-M7NS]
2023-05-25 07:16:59,239 [INFO] OpenFileManager:328 - Restore cursor
2023-05-25 07:16:59,864 [WARN] IP:2113 - LayerIdx_L1 not found: check if there is a RefParameter without a condition.
2023-05-25 07:17:00,161 [WARN] IP:2113 - tgfx_nema_cl_size not found: check if there is a RefParameter without a condition.
2023-05-25 07:17:00,161 [WARN] IP:2113 - tgfx_nema_location not found: check if there is a RefParameter without a condition.
2023-05-25 07:17:00,177 [WARN] IP:2113 - tgfx_nema_cl_size not found: check if there is a RefParameter without a condition.
2023-05-25 07:17:00,177 [WARN] IP:2113 - tgfx_nema_location not found: check if there is a RefParameter without a condition.
2023-05-25 07:17:00,317 [WARN] IP:2113 - BooleanType not found: check if there is a RefParameter without a condition.
2023-05-25 07:17:00,317 [WARN] IP:2113 - BooleanType not found: check if there is a RefParameter without a condition.
2023-05-25 07:17:53,981 [INFO] LogOutputStream:77 - [STDOUT_REDIRECT] 
2023-05-25 07:19:05,813 [ERROR] LogOutputStream:75 - [STDERR_REDIRECT] SLF4J: Failed to load class "org.slf4j.impl.StaticLoggerBinder".
2023-05-25 07:19:05,813 [ERROR] LogOutputStream:75 - [STDERR_REDIRECT] SLF4J: Defaulting to no-operation (NOP) logger implementation
2023-05-25 07:19:05,813 [ERROR] LogOutputStream:75 - [STDERR_REDIRECT] SLF4J: See http://www.slf4j.org/codes.html#StaticLoggerBinder for further details.
